<?xml version="1.0" encoding="UTF-8" ?>
<testsuite errors="14" failures="0" hostname="Margots-Kapacs.local" name="com.minnehahalofts.app.CompanyIntegrationSpec" tests="15" time="0.44" timestamp="2013-06-06T14:59:18">
  <properties />
  <testcase classname="com.minnehahalofts.app.CompanyIntegrationSpec" name="test setupCompany helper method" time="0.028">
    <error message="Property &apos;contactUs&apos; threw exception; nested exception is java.lang.IllegalArgumentException: argument type mismatch" type="org.springframework.beans.MethodInvocationException">org.springframework.beans.MethodInvocationException: Property &apos;contactUs&apos; threw exception; nested exception is java.lang.IllegalArgumentException: argument type mismatch
	at java.lang.Class.newInstance0(Class.java:374)
	at java.lang.Class.newInstance(Class.java:327)
	at grails.buildtestdata.DomainInstanceBuilder.build(DomainInstanceBuilder.groovy:134)
	at grails.buildtestdata.DomainInstanceBuilder.build(DomainInstanceBuilder.groovy:133)
	at grails.buildtestdata.BuildTestDataService.addBuildMethods_closure5(BuildTestDataService.groovy:46)
	at com.minnehahalofts.app.CompanyIntegrationSpec.setupCompany(CompanyIntegrationSpec.groovy:276)
	at com.minnehahalofts.app.CompanyIntegrationSpec.test setupCompany helper method(CompanyIntegrationSpec.groovy:10)
Caused by: java.lang.IllegalArgumentException: argument type mismatch
</error>
  </testcase>
  <testcase classname="com.minnehahalofts.app.CompanyIntegrationSpec" name="save and retrieve RentalUnit with all associations present" time="0.026">
    <error message="Property &apos;contactUs&apos; threw exception; nested exception is java.lang.IllegalArgumentException: argument type mismatch" type="org.springframework.beans.MethodInvocationException">org.springframework.beans.MethodInvocationException: Property &apos;contactUs&apos; threw exception; nested exception is java.lang.IllegalArgumentException: argument type mismatch
	at java.lang.Class.newInstance0(Class.java:374)
	at java.lang.Class.newInstance(Class.java:327)
	at grails.buildtestdata.DomainInstanceBuilder.build(DomainInstanceBuilder.groovy:134)
	at grails.buildtestdata.DomainInstanceBuilder.build(DomainInstanceBuilder.groovy:133)
	at grails.buildtestdata.BuildTestDataService.addBuildMethods_closure5(BuildTestDataService.groovy:46)
	at com.minnehahalofts.app.CompanyIntegrationSpec.setupCompany(CompanyIntegrationSpec.groovy:276)
	at com.minnehahalofts.app.CompanyIntegrationSpec.save and retrieve RentalUnit with all associations present(CompanyIntegrationSpec.groovy:27)
Caused by: java.lang.IllegalArgumentException: argument type mismatch
</error>
  </testcase>
  <testcase classname="com.minnehahalofts.app.CompanyIntegrationSpec" name="update Company with all associations present" time="0.026">
    <error message="Property &apos;contactUs&apos; threw exception; nested exception is java.lang.IllegalArgumentException: argument type mismatch" type="org.springframework.beans.MethodInvocationException">org.springframework.beans.MethodInvocationException: Property &apos;contactUs&apos; threw exception; nested exception is java.lang.IllegalArgumentException: argument type mismatch
	at java.lang.Class.newInstance0(Class.java:374)
	at java.lang.Class.newInstance(Class.java:327)
	at grails.buildtestdata.DomainInstanceBuilder.build(DomainInstanceBuilder.groovy:134)
	at grails.buildtestdata.DomainInstanceBuilder.build(DomainInstanceBuilder.groovy:133)
	at grails.buildtestdata.BuildTestDataService.addBuildMethods_closure5(BuildTestDataService.groovy:46)
	at com.minnehahalofts.app.CompanyIntegrationSpec.setupCompany(CompanyIntegrationSpec.groovy:276)
	at com.minnehahalofts.app.CompanyIntegrationSpec.update Company with all associations present(CompanyIntegrationSpec.groovy:39)
Caused by: java.lang.IllegalArgumentException: argument type mismatch
</error>
  </testcase>
  <testcase classname="com.minnehahalofts.app.CompanyIntegrationSpec" name="delete Company with all associations present" time="0.035">
    <error message="Property &apos;contactUs&apos; threw exception; nested exception is java.lang.IllegalArgumentException: argument type mismatch" type="org.springframework.beans.MethodInvocationException">org.springframework.beans.MethodInvocationException: Property &apos;contactUs&apos; threw exception; nested exception is java.lang.IllegalArgumentException: argument type mismatch
	at java.lang.Class.newInstance0(Class.java:374)
	at java.lang.Class.newInstance(Class.java:327)
	at grails.buildtestdata.DomainInstanceBuilder.build(DomainInstanceBuilder.groovy:134)
	at grails.buildtestdata.DomainInstanceBuilder.build(DomainInstanceBuilder.groovy:133)
	at grails.buildtestdata.BuildTestDataService.addBuildMethods_closure5(BuildTestDataService.groovy:46)
	at com.minnehahalofts.app.CompanyIntegrationSpec.setupCompany(CompanyIntegrationSpec.groovy:276)
	at com.minnehahalofts.app.CompanyIntegrationSpec.delete Company with all associations present(CompanyIntegrationSpec.groovy:51)
Caused by: java.lang.IllegalArgumentException: argument type mismatch
</error>
  </testcase>
  <testcase classname="com.minnehahalofts.app.CompanyIntegrationSpec" name="cascading address ensured with all associations present" time="0.037">
    <error message="Property &apos;contactUs&apos; threw exception; nested exception is java.lang.IllegalArgumentException: argument type mismatch" type="org.springframework.beans.MethodInvocationException">org.springframework.beans.MethodInvocationException: Property &apos;contactUs&apos; threw exception; nested exception is java.lang.IllegalArgumentException: argument type mismatch
	at java.lang.Class.newInstance0(Class.java:374)
	at java.lang.Class.newInstance(Class.java:327)
	at grails.buildtestdata.DomainInstanceBuilder.build(DomainInstanceBuilder.groovy:134)
	at grails.buildtestdata.DomainInstanceBuilder.build(DomainInstanceBuilder.groovy:133)
	at grails.buildtestdata.BuildTestDataService.addBuildMethods_closure5(BuildTestDataService.groovy:46)
	at com.minnehahalofts.app.CompanyIntegrationSpec.setupCompany(CompanyIntegrationSpec.groovy:276)
	at com.minnehahalofts.app.CompanyIntegrationSpec.cascading address ensured with all associations present(CompanyIntegrationSpec.groovy:72)
Caused by: java.lang.IllegalArgumentException: argument type mismatch
</error>
  </testcase>
  <testcase classname="com.minnehahalofts.app.CompanyIntegrationSpec" name="one-to-one relationship between Company and Address" time="0.018" />
  <testcase classname="com.minnehahalofts.app.CompanyIntegrationSpec" name="non-cascading featuredReview ensured with all associations present" time="0.027">
    <error message="Property &apos;contactUs&apos; threw exception; nested exception is java.lang.IllegalArgumentException: argument type mismatch" type="org.springframework.beans.MethodInvocationException">org.springframework.beans.MethodInvocationException: Property &apos;contactUs&apos; threw exception; nested exception is java.lang.IllegalArgumentException: argument type mismatch
	at java.lang.Class.newInstance0(Class.java:374)
	at java.lang.Class.newInstance(Class.java:327)
	at grails.buildtestdata.DomainInstanceBuilder.build(DomainInstanceBuilder.groovy:134)
	at grails.buildtestdata.DomainInstanceBuilder.build(DomainInstanceBuilder.groovy:133)
	at grails.buildtestdata.BuildTestDataService.addBuildMethods_closure5(BuildTestDataService.groovy:46)
	at com.minnehahalofts.app.CompanyIntegrationSpec.setupCompany(CompanyIntegrationSpec.groovy:276)
	at com.minnehahalofts.app.CompanyIntegrationSpec.non-cascading featuredReview ensured with all associations present(CompanyIntegrationSpec.groovy:101)
Caused by: java.lang.IllegalArgumentException: argument type mismatch
</error>
  </testcase>
  <testcase classname="com.minnehahalofts.app.CompanyIntegrationSpec" name="non-cascading orphan reviews" time="0.025">
    <error message="Property &apos;contactUs&apos; threw exception; nested exception is java.lang.IllegalArgumentException: argument type mismatch" type="org.springframework.beans.MethodInvocationException">org.springframework.beans.MethodInvocationException: Property &apos;contactUs&apos; threw exception; nested exception is java.lang.IllegalArgumentException: argument type mismatch
	at java.lang.Class.newInstance0(Class.java:374)
	at java.lang.Class.newInstance(Class.java:327)
	at grails.buildtestdata.DomainInstanceBuilder.build(DomainInstanceBuilder.groovy:134)
	at grails.buildtestdata.DomainInstanceBuilder.build(DomainInstanceBuilder.groovy:133)
	at grails.buildtestdata.BuildTestDataService.addBuildMethods_closure5(BuildTestDataService.groovy:46)
	at com.minnehahalofts.app.CompanyIntegrationSpec.setupCompany(CompanyIntegrationSpec.groovy:276)
	at com.minnehahalofts.app.CompanyIntegrationSpec.non-cascading orphan reviews(CompanyIntegrationSpec.groovy:121)
Caused by: java.lang.IllegalArgumentException: argument type mismatch
</error>
  </testcase>
  <testcase classname="com.minnehahalofts.app.CompanyIntegrationSpec" name="one-to-many unidirectional relationship between Company and Review" time="0.02">
    <error message="Invalid property &apos;imgUrl&apos; of bean class [com.minnehahalofts.app.Review]: Getter for property &apos;imgUrl&apos; threw exception; nested exception is java.lang.reflect.InvocationTargetException" type="org.springframework.beans.InvalidPropertyException">org.springframework.beans.InvalidPropertyException: Invalid property &apos;imgUrl&apos; of bean class [com.minnehahalofts.app.Review]: Getter for property &apos;imgUrl&apos; threw exception; nested exception is java.lang.reflect.InvocationTargetException
	at grails.buildtestdata.DomainInstanceBuilder.save(DomainInstanceBuilder.groovy:240)
	at grails.buildtestdata.DomainInstanceBuilder.save(DomainInstanceBuilder.groovy:230)
	at grails.buildtestdata.DomainInstanceBuilder.build(DomainInstanceBuilder.groovy:135)
	at grails.buildtestdata.DomainInstanceBuilder.build(DomainInstanceBuilder.groovy:133)
	at grails.buildtestdata.BuildTestDataService.addBuildMethods_closure1(BuildTestDataService.groovy:25)
	at com.minnehahalofts.app.CompanyIntegrationSpec.one-to-many unidirectional relationship between Company and Review(CompanyIntegrationSpec.groovy:138)
Caused by: java.lang.reflect.InvocationTargetException
Caused by: java.lang.NullPointerException
	at java.lang.String.contains(String.java:2076)
	at com.minnehahalofts.app.Review.getImgUrl(Review.groovy:54)
</error>
  </testcase>
  <testcase classname="com.minnehahalofts.app.CompanyIntegrationSpec" name="ensure no-cascading on rental unit" time="0.024">
    <error message="Property &apos;contactUs&apos; threw exception; nested exception is java.lang.IllegalArgumentException: argument type mismatch" type="org.springframework.beans.MethodInvocationException">org.springframework.beans.MethodInvocationException: Property &apos;contactUs&apos; threw exception; nested exception is java.lang.IllegalArgumentException: argument type mismatch
	at java.lang.Class.newInstance0(Class.java:374)
	at java.lang.Class.newInstance(Class.java:327)
	at grails.buildtestdata.DomainInstanceBuilder.build(DomainInstanceBuilder.groovy:134)
	at grails.buildtestdata.DomainInstanceBuilder.build(DomainInstanceBuilder.groovy:133)
	at grails.buildtestdata.BuildTestDataService.addBuildMethods_closure5(BuildTestDataService.groovy:46)
	at com.minnehahalofts.app.CompanyIntegrationSpec.setupCompany(CompanyIntegrationSpec.groovy:276)
	at com.minnehahalofts.app.CompanyIntegrationSpec.ensure no-cascading on rental unit(CompanyIntegrationSpec.groovy:165)
Caused by: java.lang.IllegalArgumentException: argument type mismatch
</error>
  </testcase>
  <testcase classname="com.minnehahalofts.app.CompanyIntegrationSpec" name="ensure no-cascading on orphan rental unit" time="0.03">
    <error message="Property &apos;contactUs&apos; threw exception; nested exception is java.lang.IllegalArgumentException: argument type mismatch" type="org.springframework.beans.MethodInvocationException">org.springframework.beans.MethodInvocationException: Property &apos;contactUs&apos; threw exception; nested exception is java.lang.IllegalArgumentException: argument type mismatch
	at java.lang.Class.newInstance0(Class.java:374)
	at java.lang.Class.newInstance(Class.java:327)
	at grails.buildtestdata.DomainInstanceBuilder.build(DomainInstanceBuilder.groovy:134)
	at grails.buildtestdata.DomainInstanceBuilder.build(DomainInstanceBuilder.groovy:133)
	at grails.buildtestdata.BuildTestDataService.addBuildMethods_closure5(BuildTestDataService.groovy:46)
	at com.minnehahalofts.app.CompanyIntegrationSpec.setupCompany(CompanyIntegrationSpec.groovy:276)
	at com.minnehahalofts.app.CompanyIntegrationSpec.ensure no-cascading on orphan rental unit(CompanyIntegrationSpec.groovy:179)
Caused by: java.lang.IllegalArgumentException: argument type mismatch
</error>
  </testcase>
  <testcase classname="com.minnehahalofts.app.CompanyIntegrationSpec" name="one-to-many bidirectional relationship between company and rental unit ensured" time="0.022">
    <error message="Property &apos;contactUs&apos; threw exception; nested exception is java.lang.IllegalArgumentException: argument type mismatch" type="org.springframework.beans.MethodInvocationException">org.springframework.beans.MethodInvocationException: Property &apos;contactUs&apos; threw exception; nested exception is java.lang.IllegalArgumentException: argument type mismatch
	at java.lang.Class.newInstance0(Class.java:374)
	at java.lang.Class.newInstance(Class.java:327)
	at grails.buildtestdata.DomainInstanceBuilder.build(DomainInstanceBuilder.groovy:134)
	at grails.buildtestdata.DomainInstanceBuilder.build(DomainInstanceBuilder.groovy:133)
	at grails.buildtestdata.BuildTestDataService.addBuildMethods_closure5(BuildTestDataService.groovy:46)
	at com.minnehahalofts.app.CompanyIntegrationSpec.setupCompany(CompanyIntegrationSpec.groovy:276)
	at com.minnehahalofts.app.CompanyIntegrationSpec.one-to-many bidirectional relationship between company and rental unit ensured(CompanyIntegrationSpec.groovy:192)
Caused by: java.lang.IllegalArgumentException: argument type mismatch
</error>
  </testcase>
  <testcase classname="com.minnehahalofts.app.CompanyIntegrationSpec" name="ensure cascading on Connection" time="0.026">
    <error message="Property &apos;contactUs&apos; threw exception; nested exception is java.lang.IllegalArgumentException: argument type mismatch" type="org.springframework.beans.MethodInvocationException">org.springframework.beans.MethodInvocationException: Property &apos;contactUs&apos; threw exception; nested exception is java.lang.IllegalArgumentException: argument type mismatch
	at java.lang.Class.newInstance0(Class.java:374)
	at java.lang.Class.newInstance(Class.java:327)
	at grails.buildtestdata.DomainInstanceBuilder.build(DomainInstanceBuilder.groovy:134)
	at grails.buildtestdata.DomainInstanceBuilder.build(DomainInstanceBuilder.groovy:133)
	at grails.buildtestdata.BuildTestDataService.addBuildMethods_closure5(BuildTestDataService.groovy:46)
	at com.minnehahalofts.app.CompanyIntegrationSpec.setupCompany(CompanyIntegrationSpec.groovy:276)
	at com.minnehahalofts.app.CompanyIntegrationSpec.ensure cascading on Connection(CompanyIntegrationSpec.groovy:215)
Caused by: java.lang.IllegalArgumentException: argument type mismatch
</error>
  </testcase>
  <testcase classname="com.minnehahalofts.app.CompanyIntegrationSpec" name="ensure cascading on orphan ContactUs" time="0.025">
    <error message="Property &apos;contactUs&apos; threw exception; nested exception is java.lang.IllegalArgumentException: argument type mismatch" type="org.springframework.beans.MethodInvocationException">org.springframework.beans.MethodInvocationException: Property &apos;contactUs&apos; threw exception; nested exception is java.lang.IllegalArgumentException: argument type mismatch
	at java.lang.Class.newInstance0(Class.java:374)
	at java.lang.Class.newInstance(Class.java:327)
	at grails.buildtestdata.DomainInstanceBuilder.build(DomainInstanceBuilder.groovy:134)
	at grails.buildtestdata.DomainInstanceBuilder.build(DomainInstanceBuilder.groovy:133)
	at grails.buildtestdata.BuildTestDataService.addBuildMethods_closure5(BuildTestDataService.groovy:46)
	at com.minnehahalofts.app.CompanyIntegrationSpec.setupCompany(CompanyIntegrationSpec.groovy:276)
	at com.minnehahalofts.app.CompanyIntegrationSpec.ensure cascading on orphan ContactUs(CompanyIntegrationSpec.groovy:229)
Caused by: java.lang.IllegalArgumentException: argument type mismatch
</error>
  </testcase>
  <testcase classname="com.minnehahalofts.app.CompanyIntegrationSpec" name="one-to-many bidirectional relationship between rental unit and ContactUs ensured" time="0.023">
    <error message="Property &apos;contactUs&apos; threw exception; nested exception is java.lang.IllegalArgumentException: argument type mismatch" type="org.springframework.beans.MethodInvocationException">org.springframework.beans.MethodInvocationException: Property &apos;contactUs&apos; threw exception; nested exception is java.lang.IllegalArgumentException: argument type mismatch
	at java.lang.Class.newInstance0(Class.java:374)
	at java.lang.Class.newInstance(Class.java:327)
	at grails.buildtestdata.DomainInstanceBuilder.build(DomainInstanceBuilder.groovy:134)
	at grails.buildtestdata.DomainInstanceBuilder.build(DomainInstanceBuilder.groovy:133)
	at grails.buildtestdata.BuildTestDataService.addBuildMethods_closure5(BuildTestDataService.groovy:46)
	at com.minnehahalofts.app.CompanyIntegrationSpec.setupCompany(CompanyIntegrationSpec.groovy:276)
	at com.minnehahalofts.app.CompanyIntegrationSpec.one-to-many bidirectional relationship between rental unit and ContactUs ensured(CompanyIntegrationSpec.groovy:243)
Caused by: java.lang.IllegalArgumentException: argument type mismatch
</error>
  </testcase>
  <system-out><![CDATA[--Output from test setupCompany helper method--
--Output from save and retrieve RentalUnit with all associations present--
--Output from update Company with all associations present--
--Output from delete Company with all associations present--
--Output from cascading address ensured with all associations present--
--Output from one-to-one relationship between Company and Address--
--Output from non-cascading featuredReview ensured with all associations present--
--Output from non-cascading orphan reviews--
--Output from one-to-many unidirectional relationship between Company and Review--
--Output from ensure no-cascading on rental unit--
--Output from ensure no-cascading on orphan rental unit--
--Output from one-to-many bidirectional relationship between company and rental unit ensured--
--Output from ensure cascading on Connection--
--Output from ensure cascading on orphan ContactUs--
--Output from one-to-many bidirectional relationship between rental unit and ContactUs ensured--
]]></system-out>
  <system-err><![CDATA[--Output from test setupCompany helper method--
--Output from save and retrieve RentalUnit with all associations present--
--Output from update Company with all associations present--
--Output from delete Company with all associations present--
--Output from cascading address ensured with all associations present--
--Output from one-to-one relationship between Company and Address--
--Output from non-cascading featuredReview ensured with all associations present--
--Output from non-cascading orphan reviews--
--Output from one-to-many unidirectional relationship between Company and Review--
--Output from ensure no-cascading on rental unit--
--Output from ensure no-cascading on orphan rental unit--
--Output from one-to-many bidirectional relationship between company and rental unit ensured--
--Output from ensure cascading on Connection--
--Output from ensure cascading on orphan ContactUs--
--Output from one-to-many bidirectional relationship between rental unit and ContactUs ensured--
]]></system-err>
</testsuite>
