<?xml version="1.0" encoding="UTF-8" ?>
<testsuite errors="3" failures="0" hostname="Margots-Kapacs.local" name="com.minnehahalofts.app.AddressIntegrationSpec" tests="5" time="0.985" timestamp="2013-06-06T14:59:17">
  <properties />
  <testcase classname="com.minnehahalofts.app.AddressIntegrationSpec" name="save and retrieve Address" time="0.494" />
  <testcase classname="com.minnehahalofts.app.AddressIntegrationSpec" name="update Address" time="0.048" />
  <testcase classname="com.minnehahalofts.app.AddressIntegrationSpec" name="delete Address with Associations present" time="0.275">
    <error message="object references an unsaved transient instance - save the transient instance before flushing: com.minnehahalofts.app.Company; nested exception is org.hibernate.TransientObjectException: object references an unsaved transient instance - save the transient instance before flushing: com.minnehahalofts.app.Company" type="org.springframework.dao.InvalidDataAccessApiUsageException">org.springframework.dao.InvalidDataAccessApiUsageException: object references an unsaved transient instance - save the transient instance before flushing: com.minnehahalofts.app.Company; nested exception is org.hibernate.TransientObjectException: object references an unsaved transient instance - save the transient instance before flushing: com.minnehahalofts.app.Company
	at com.minnehahalofts.app.AddressIntegrationSpec.delete Address with Associations present(AddressIntegrationSpec.groovy:39)
Caused by: org.hibernate.TransientObjectException: object references an unsaved transient instance - save the transient instance before flushing: com.minnehahalofts.app.Company
</error>
  </testcase>
  <testcase classname="com.minnehahalofts.app.AddressIntegrationSpec" name="one-to-one from RentalUnit to Address ensured" time="0.065">
    <error message="Unable to build valid com.minnehahalofts.app.Address instance, errors: [[&#x9;grails.validation.ValidationErrors: 5 errors&#xa;Field error in object &apos;com.minnehahalofts.app.Address&apos; on field &apos;street&apos;: rejected value [null]; codes [com.minnehahalofts.app.Address.street.nullable.error.com.minnehahalofts.app.Address.street,com.minnehahalofts.app.Address.street.nullable.error.street,com.minnehahalofts.app.Address.street.nullable.error.java.lang.String,com.minnehahalofts.app.Address.street.nullable.error,address.street.nullable.error.com.minnehahalofts.app.Address.street,address.street.nullable.error.street,address.street.nullable.error.java.lang.String,address.street.nullable.error,com.minnehahalofts.app.Address.street.nullable.com.minnehahalofts.app.Address.street,com.minnehahalofts.app.Address.street.nullable.street,com.minnehahalofts.app.Address.street.nullable.java.lang.String,com.minnehahalofts.app.Address.street.nullable,address.street.nullable.com.minnehahalofts.app.Address.street,address.street.nullable.street,address.street.nullable.java.lang.String,address.street.nullable,nullable.com.minnehahalofts.app.Address.street,nullable.street,nullable.java.lang.String,nullable]; arguments [street,class com.minnehahalofts.app.Address]; default message [Property [{0}] of class [{1}] cannot be null]&#xa;Field error in object &apos;com.minnehahalofts.app.Address&apos; on field &apos;city&apos;: rejected value [null]; codes [com.minnehahalofts.app.Address.city.nullable.error.com.minnehahalofts.app.Address.city,com.minnehahalofts.app.Address.city.nullable.error.city,com.minnehahalofts.app.Address.city.nullable.error.java.lang.String,com.minnehahalofts.app.Address.city.nullable.error,address.city.nullable.error.com.minnehahalofts.app.Address.city,address.city.nullable.error.city,address.city.nullable.error.java.lang.String,address.city.nullable.error,com.minnehahalofts.app.Address.city.nullable.com.minnehahalofts.app.Address.city,com.minnehahalofts.app.Address.city.nullable.city,com.minnehahalofts.app.Address.city.nullable.java.lang.String,com.minnehahalofts.app.Address.city.nullable,address.city.nullable.com.minnehahalofts.app.Address.city,address.city.nullable.city,address.city.nullable.java.lang.String,address.city.nullable,nullable.com.minnehahalofts.app.Address.city,nullable.city,nullable.java.lang.String,nullable]; arguments [city,class com.minnehahalofts.app.Address]; default message [Property [{0}] of class [{1}] cannot be null]&#xa;Field error in object &apos;com.minnehahalofts.app.Address&apos; on field &apos;state&apos;: rejected value [null]; codes [com.minnehahalofts.app.Address.state.nullable.error.com.minnehahalofts.app.Address.state,com.minnehahalofts.app.Address.state.nullable.error.state,com.minnehahalofts.app.Address.state.nullable.error.java.lang.String,com.minnehahalofts.app.Address.state.nullable.error,address.state.nullable.error.com.minnehahalofts.app.Address.state,address.state.nullable.error.state,address.state.nullable.error.java.lang.String,address.state.nullable.error,com.minnehahalofts.app.Address.state.nullable.com.minnehahalofts.app.Address.state,com.minnehahalofts.app.Address.state.nullable.state,com.minnehahalofts.app.Address.state.nullable.java.lang.String,com.minnehahalofts.app.Address.state.nullable,address.state.nullable.com.minnehahalofts.app.Address.state,address.state.nullable.state,address.state.nullable.java.lang.String,address.state.nullable,nullable.com.minnehahalofts.app.Address.state,nullable.state,nullable.java.lang.String,nullable]; arguments [state,class com.minnehahalofts.app.Address]; default message [Property [{0}] of class [{1}] cannot be null]&#xa;Field error in object &apos;com.minnehahalofts.app.Address&apos; on field &apos;country&apos;: rejected value [null]; codes [com.minnehahalofts.app.Address.country.nullable.error.com.minnehahalofts.app.Address.country,com.minnehahalofts.app.Address.country.nullable.error.country,com.minnehahalofts.app.Address.country.nullable.error.java.lang.String,com.minnehahalofts.app.Address.country.nullable.error,address.country.nullable.error.com.minnehahalofts.app.Address.country,address.country.nullable.error.country,address.country.nullable.error.java.lang.String,address.country.nullable.error,com.minnehahalofts.app.Address.country.nullable.com.minnehahalofts.app.Address.country,com.minnehahalofts.app.Address.country.nullable.country,com.minnehahalofts.app.Address.country.nullable.java.lang.String,com.minnehahalofts.app.Address.country.nullable,address.country.nullable.com.minnehahalofts.app.Address.country,address.country.nullable.country,address.country.nullable.java.lang.String,address.country.nullable,nullable.com.minnehahalofts.app.Address.country,nullable.country,nullable.java.lang.String,nullable]; arguments [country,class com.minnehahalofts.app.Address]; default message [Property [{0}] of class [{1}] cannot be null]&#xa;Field error in object &apos;com.minnehahalofts.app.Address&apos; on field &apos;zip&apos;: rejected value [null]; codes [com.minnehahalofts.app.Address.zip.nullable.error.com.minnehahalofts.app.Address.zip,com.minnehahalofts.app.Address.zip.nullable.error.zip,com.minnehahalofts.app.Address.zip.nullable.error.java.lang.String,com.minnehahalofts.app.Address.zip.nullable.error,address.zip.nullable.error.com.minnehahalofts.app.Address.zip,address.zip.nullable.error.zip,address.zip.nullable.error.java.lang.String,address.zip.nullable.error,com.minnehahalofts.app.Address.zip.nullable.com.minnehahalofts.app.Address.zip,com.minnehahalofts.app.Address.zip.nullable.zip,com.minnehahalofts.app.Address.zip.nullable.java.lang.String,com.minnehahalofts.app.Address.zip.nullable,address.zip.nullable.com.minnehahalofts.app.Address.zip,address.zip.nullable.zip,address.zip.nullable.java.lang.String,address.zip.nullable,nullable.com.minnehahalofts.app.Address.zip,nullable.zip,nullable.java.lang.String,nullable]; arguments [zip,class com.minnehahalofts.app.Address]; default message [Property [{0}] of class [{1}] cannot be null]&#xa;]]" type="java.lang.Exception">java.lang.Exception: Unable to build valid com.minnehahalofts.app.Address instance, errors: [[	grails.validation.ValidationErrors: 5 errors
Field error in object &apos;com.minnehahalofts.app.Address&apos; on field &apos;street&apos;: rejected value [null]; codes [com.minnehahalofts.app.Address.street.nullable.error.com.minnehahalofts.app.Address.street,com.minnehahalofts.app.Address.street.nullable.error.street,com.minnehahalofts.app.Address.street.nullable.error.java.lang.String,com.minnehahalofts.app.Address.street.nullable.error,address.street.nullable.error.com.minnehahalofts.app.Address.street,address.street.nullable.error.street,address.street.nullable.error.java.lang.String,address.street.nullable.error,com.minnehahalofts.app.Address.street.nullable.com.minnehahalofts.app.Address.street,com.minnehahalofts.app.Address.street.nullable.street,com.minnehahalofts.app.Address.street.nullable.java.lang.String,com.minnehahalofts.app.Address.street.nullable,address.street.nullable.com.minnehahalofts.app.Address.street,address.street.nullable.street,address.street.nullable.java.lang.String,address.street.nullable,nullable.com.minnehahalofts.app.Address.street,nullable.street,nullable.java.lang.String,nullable]; arguments [street,class com.minnehahalofts.app.Address]; default message [Property [{0}] of class [{1}] cannot be null]
Field error in object &apos;com.minnehahalofts.app.Address&apos; on field &apos;city&apos;: rejected value [null]; codes [com.minnehahalofts.app.Address.city.nullable.error.com.minnehahalofts.app.Address.city,com.minnehahalofts.app.Address.city.nullable.error.city,com.minnehahalofts.app.Address.city.nullable.error.java.lang.String,com.minnehahalofts.app.Address.city.nullable.error,address.city.nullable.error.com.minnehahalofts.app.Address.city,address.city.nullable.error.city,address.city.nullable.error.java.lang.String,address.city.nullable.error,com.minnehahalofts.app.Address.city.nullable.com.minnehahalofts.app.Address.city,com.minnehahalofts.app.Address.city.nullable.city,com.minnehahalofts.app.Address.city.nullable.java.lang.String,com.minnehahalofts.app.Address.city.nullable,address.city.nullable.com.minnehahalofts.app.Address.city,address.city.nullable.city,address.city.nullable.java.lang.String,address.city.nullable,nullable.com.minnehahalofts.app.Address.city,nullable.city,nullable.java.lang.String,nullable]; arguments [city,class com.minnehahalofts.app.Address]; default message [Property [{0}] of class [{1}] cannot be null]
Field error in object &apos;com.minnehahalofts.app.Address&apos; on field &apos;state&apos;: rejected value [null]; codes [com.minnehahalofts.app.Address.state.nullable.error.com.minnehahalofts.app.Address.state,com.minnehahalofts.app.Address.state.nullable.error.state,com.minnehahalofts.app.Address.state.nullable.error.java.lang.String,com.minnehahalofts.app.Address.state.nullable.error,address.state.nullable.error.com.minnehahalofts.app.Address.state,address.state.nullable.error.state,address.state.nullable.error.java.lang.String,address.state.nullable.error,com.minnehahalofts.app.Address.state.nullable.com.minnehahalofts.app.Address.state,com.minnehahalofts.app.Address.state.nullable.state,com.minnehahalofts.app.Address.state.nullable.java.lang.String,com.minnehahalofts.app.Address.state.nullable,address.state.nullable.com.minnehahalofts.app.Address.state,address.state.nullable.state,address.state.nullable.java.lang.String,address.state.nullable,nullable.com.minnehahalofts.app.Address.state,nullable.state,nullable.java.lang.String,nullable]; arguments [state,class com.minnehahalofts.app.Address]; default message [Property [{0}] of class [{1}] cannot be null]
Field error in object &apos;com.minnehahalofts.app.Address&apos; on field &apos;country&apos;: rejected value [null]; codes [com.minnehahalofts.app.Address.country.nullable.error.com.minnehahalofts.app.Address.country,com.minnehahalofts.app.Address.country.nullable.error.country,com.minnehahalofts.app.Address.country.nullable.error.java.lang.String,com.minnehahalofts.app.Address.country.nullable.error,address.country.nullable.error.com.minnehahalofts.app.Address.country,address.country.nullable.error.country,address.country.nullable.error.java.lang.String,address.country.nullable.error,com.minnehahalofts.app.Address.country.nullable.com.minnehahalofts.app.Address.country,com.minnehahalofts.app.Address.country.nullable.country,com.minnehahalofts.app.Address.country.nullable.java.lang.String,com.minnehahalofts.app.Address.country.nullable,address.country.nullable.com.minnehahalofts.app.Address.country,address.country.nullable.country,address.country.nullable.java.lang.String,address.country.nullable,nullable.com.minnehahalofts.app.Address.country,nullable.country,nullable.java.lang.String,nullable]; arguments [country,class com.minnehahalofts.app.Address]; default message [Property [{0}] of class [{1}] cannot be null]
Field error in object &apos;com.minnehahalofts.app.Address&apos; on field &apos;zip&apos;: rejected value [null]; codes [com.minnehahalofts.app.Address.zip.nullable.error.com.minnehahalofts.app.Address.zip,com.minnehahalofts.app.Address.zip.nullable.error.zip,com.minnehahalofts.app.Address.zip.nullable.error.java.lang.String,com.minnehahalofts.app.Address.zip.nullable.error,address.zip.nullable.error.com.minnehahalofts.app.Address.zip,address.zip.nullable.error.zip,address.zip.nullable.error.java.lang.String,address.zip.nullable.error,com.minnehahalofts.app.Address.zip.nullable.com.minnehahalofts.app.Address.zip,com.minnehahalofts.app.Address.zip.nullable.zip,com.minnehahalofts.app.Address.zip.nullable.java.lang.String,com.minnehahalofts.app.Address.zip.nullable,address.zip.nullable.com.minnehahalofts.app.Address.zip,address.zip.nullable.zip,address.zip.nullable.java.lang.String,address.zip.nullable,nullable.com.minnehahalofts.app.Address.zip,nullable.zip,nullable.java.lang.String,nullable]; arguments [zip,class com.minnehahalofts.app.Address]; default message [Property [{0}] of class [{1}] cannot be null]
]]
	at grails.buildtestdata.DomainInstanceBuilder.save(DomainInstanceBuilder.groovy:241)
	at grails.buildtestdata.BuildTestDataService.addBuildMethods_closure9(BuildTestDataService.groovy:64)
	at grails.buildtestdata.DomainInstanceBuilder.save(DomainInstanceBuilder.groovy:236)
	at grails.buildtestdata.DomainInstanceBuilder.save(DomainInstanceBuilder.groovy:230)
	at grails.buildtestdata.DomainInstanceBuilder.build(DomainInstanceBuilder.groovy:135)
	at grails.buildtestdata.DomainInstanceBuilder.build(DomainInstanceBuilder.groovy:133)
	at grails.buildtestdata.BuildTestDataService.addBuildMethods_closure1(BuildTestDataService.groovy:25)
	at com.minnehahalofts.app.AddressIntegrationSpec.one-to-one from RentalUnit to Address ensured(AddressIntegrationSpec.groovy:69)
</error>
  </testcase>
  <testcase classname="com.minnehahalofts.app.AddressIntegrationSpec" name="ensure no cascading on Company" time="0.026">
    <error message="Property &apos;contactUs&apos; threw exception; nested exception is java.lang.IllegalArgumentException: argument type mismatch" type="org.springframework.beans.MethodInvocationException">org.springframework.beans.MethodInvocationException: Property &apos;contactUs&apos; threw exception; nested exception is java.lang.IllegalArgumentException: argument type mismatch
	at java.lang.Class.newInstance0(Class.java:374)
	at java.lang.Class.newInstance(Class.java:327)
	at grails.buildtestdata.DomainInstanceBuilder.build(DomainInstanceBuilder.groovy:134)
	at grails.buildtestdata.DomainInstanceBuilder.build(DomainInstanceBuilder.groovy:133)
	at grails.buildtestdata.BuildTestDataService.addBuildMethods_closure1(BuildTestDataService.groovy:25)
	at com.minnehahalofts.app.AddressIntegrationSpec.ensure no cascading on Company(AddressIntegrationSpec.groovy:90)
Caused by: java.lang.IllegalArgumentException: argument type mismatch
</error>
  </testcase>
  <system-out><![CDATA[--Output from save and retrieve Address--
--Output from update Address--
--Output from delete Address with Associations present--
--Output from one-to-one from RentalUnit to Address ensured--
--Output from ensure no cascading on Company--
]]></system-out>
  <system-err><![CDATA[--Output from save and retrieve Address--
--Output from update Address--
--Output from delete Address with Associations present--
--Output from one-to-one from RentalUnit to Address ensured--
--Output from ensure no cascading on Company--
]]></system-err>
</testsuite>
