<?xml version="1.0" encoding="UTF-8" ?>
<testsuite errors="5" failures="0" hostname="Margots-Kapacs.local" name="com.minnehahalofts.app.ReviewIntegrationSpec" tests="5" time="0.075" timestamp="2013-06-06T14:59:19">
  <properties />
  <testcase classname="com.minnehahalofts.app.ReviewIntegrationSpec" name="save and retrieve Review with all associations present" time="0.014">
    <error message="Invalid property &apos;imgUrl&apos; of bean class [com.minnehahalofts.app.Review]: Getter for property &apos;imgUrl&apos; threw exception; nested exception is java.lang.reflect.InvocationTargetException" type="org.springframework.beans.InvalidPropertyException">org.springframework.beans.InvalidPropertyException: Invalid property &apos;imgUrl&apos; of bean class [com.minnehahalofts.app.Review]: Getter for property &apos;imgUrl&apos; threw exception; nested exception is java.lang.reflect.InvocationTargetException
	at grails.buildtestdata.DomainInstanceBuilder.save(DomainInstanceBuilder.groovy:240)
	at grails.buildtestdata.DomainInstanceBuilder.save(DomainInstanceBuilder.groovy:230)
	at grails.buildtestdata.DomainInstanceBuilder.build(DomainInstanceBuilder.groovy:135)
	at grails.buildtestdata.DomainInstanceBuilder.build(DomainInstanceBuilder.groovy:133)
	at grails.buildtestdata.BuildTestDataService.addBuildMethods_closure5(BuildTestDataService.groovy:46)
	at com.minnehahalofts.app.ReviewIntegrationSpec.save and retrieve Review with all associations present(ReviewIntegrationSpec.groovy:10)
Caused by: java.lang.reflect.InvocationTargetException
Caused by: java.lang.NullPointerException
	at java.lang.String.contains(String.java:2076)
	at com.minnehahalofts.app.Review.getImgUrl(Review.groovy:54)
</error>
  </testcase>
  <testcase classname="com.minnehahalofts.app.ReviewIntegrationSpec" name="update Review with all associations present" time="0.014">
    <error message="Invalid property &apos;imgUrl&apos; of bean class [com.minnehahalofts.app.Review]: Getter for property &apos;imgUrl&apos; threw exception; nested exception is java.lang.reflect.InvocationTargetException" type="org.springframework.beans.InvalidPropertyException">org.springframework.beans.InvalidPropertyException: Invalid property &apos;imgUrl&apos; of bean class [com.minnehahalofts.app.Review]: Getter for property &apos;imgUrl&apos; threw exception; nested exception is java.lang.reflect.InvocationTargetException
	at grails.buildtestdata.DomainInstanceBuilder.save(DomainInstanceBuilder.groovy:240)
	at grails.buildtestdata.DomainInstanceBuilder.save(DomainInstanceBuilder.groovy:230)
	at grails.buildtestdata.DomainInstanceBuilder.build(DomainInstanceBuilder.groovy:135)
	at grails.buildtestdata.DomainInstanceBuilder.build(DomainInstanceBuilder.groovy:133)
	at grails.buildtestdata.BuildTestDataService.addBuildMethods_closure5(BuildTestDataService.groovy:46)
	at com.minnehahalofts.app.ReviewIntegrationSpec.update Review with all associations present(ReviewIntegrationSpec.groovy:23)
Caused by: java.lang.reflect.InvocationTargetException
Caused by: java.lang.NullPointerException
	at java.lang.String.contains(String.java:2076)
	at com.minnehahalofts.app.Review.getImgUrl(Review.groovy:54)
</error>
  </testcase>
  <testcase classname="com.minnehahalofts.app.ReviewIntegrationSpec" name="delete Review with all associations present" time="0.017">
    <error message="Invalid property &apos;imgUrl&apos; of bean class [com.minnehahalofts.app.Review]: Getter for property &apos;imgUrl&apos; threw exception; nested exception is java.lang.reflect.InvocationTargetException" type="org.springframework.beans.InvalidPropertyException">org.springframework.beans.InvalidPropertyException: Invalid property &apos;imgUrl&apos; of bean class [com.minnehahalofts.app.Review]: Getter for property &apos;imgUrl&apos; threw exception; nested exception is java.lang.reflect.InvocationTargetException
	at grails.buildtestdata.DomainInstanceBuilder.save(DomainInstanceBuilder.groovy:240)
	at grails.buildtestdata.DomainInstanceBuilder.save(DomainInstanceBuilder.groovy:230)
	at grails.buildtestdata.DomainInstanceBuilder.build(DomainInstanceBuilder.groovy:135)
	at grails.buildtestdata.DomainInstanceBuilder.build(DomainInstanceBuilder.groovy:133)
	at grails.buildtestdata.BuildTestDataService.addBuildMethods_closure1(BuildTestDataService.groovy:25)
	at com.minnehahalofts.app.ReviewIntegrationSpec.delete Review with all associations present(ReviewIntegrationSpec.groovy:37)
Caused by: java.lang.reflect.InvocationTargetException
Caused by: java.lang.NullPointerException
	at java.lang.String.contains(String.java:2076)
	at com.minnehahalofts.app.Review.getImgUrl(Review.groovy:54)
</error>
  </testcase>
  <testcase classname="com.minnehahalofts.app.ReviewIntegrationSpec" name="one-to-many from Review to RentalUnit ensured" time="0.015">
    <error message="Unable to build valid com.minnehahalofts.app.Address instance, errors: [[&#x9;grails.validation.ValidationErrors: 5 errors&#xa;Field error in object &apos;com.minnehahalofts.app.Address&apos; on field &apos;street&apos;: rejected value [null]; codes [com.minnehahalofts.app.Address.street.nullable.error.com.minnehahalofts.app.Address.street,com.minnehahalofts.app.Address.street.nullable.error.street,com.minnehahalofts.app.Address.street.nullable.error.java.lang.String,com.minnehahalofts.app.Address.street.nullable.error,address.street.nullable.error.com.minnehahalofts.app.Address.street,address.street.nullable.error.street,address.street.nullable.error.java.lang.String,address.street.nullable.error,com.minnehahalofts.app.Address.street.nullable.com.minnehahalofts.app.Address.street,com.minnehahalofts.app.Address.street.nullable.street,com.minnehahalofts.app.Address.street.nullable.java.lang.String,com.minnehahalofts.app.Address.street.nullable,address.street.nullable.com.minnehahalofts.app.Address.street,address.street.nullable.street,address.street.nullable.java.lang.String,address.street.nullable,nullable.com.minnehahalofts.app.Address.street,nullable.street,nullable.java.lang.String,nullable]; arguments [street,class com.minnehahalofts.app.Address]; default message [Property [{0}] of class [{1}] cannot be null]&#xa;Field error in object &apos;com.minnehahalofts.app.Address&apos; on field &apos;city&apos;: rejected value [null]; codes [com.minnehahalofts.app.Address.city.nullable.error.com.minnehahalofts.app.Address.city,com.minnehahalofts.app.Address.city.nullable.error.city,com.minnehahalofts.app.Address.city.nullable.error.java.lang.String,com.minnehahalofts.app.Address.city.nullable.error,address.city.nullable.error.com.minnehahalofts.app.Address.city,address.city.nullable.error.city,address.city.nullable.error.java.lang.String,address.city.nullable.error,com.minnehahalofts.app.Address.city.nullable.com.minnehahalofts.app.Address.city,com.minnehahalofts.app.Address.city.nullable.city,com.minnehahalofts.app.Address.city.nullable.java.lang.String,com.minnehahalofts.app.Address.city.nullable,address.city.nullable.com.minnehahalofts.app.Address.city,address.city.nullable.city,address.city.nullable.java.lang.String,address.city.nullable,nullable.com.minnehahalofts.app.Address.city,nullable.city,nullable.java.lang.String,nullable]; arguments [city,class com.minnehahalofts.app.Address]; default message [Property [{0}] of class [{1}] cannot be null]&#xa;Field error in object &apos;com.minnehahalofts.app.Address&apos; on field &apos;state&apos;: rejected value [null]; codes [com.minnehahalofts.app.Address.state.nullable.error.com.minnehahalofts.app.Address.state,com.minnehahalofts.app.Address.state.nullable.error.state,com.minnehahalofts.app.Address.state.nullable.error.java.lang.String,com.minnehahalofts.app.Address.state.nullable.error,address.state.nullable.error.com.minnehahalofts.app.Address.state,address.state.nullable.error.state,address.state.nullable.error.java.lang.String,address.state.nullable.error,com.minnehahalofts.app.Address.state.nullable.com.minnehahalofts.app.Address.state,com.minnehahalofts.app.Address.state.nullable.state,com.minnehahalofts.app.Address.state.nullable.java.lang.String,com.minnehahalofts.app.Address.state.nullable,address.state.nullable.com.minnehahalofts.app.Address.state,address.state.nullable.state,address.state.nullable.java.lang.String,address.state.nullable,nullable.com.minnehahalofts.app.Address.state,nullable.state,nullable.java.lang.String,nullable]; arguments [state,class com.minnehahalofts.app.Address]; default message [Property [{0}] of class [{1}] cannot be null]&#xa;Field error in object &apos;com.minnehahalofts.app.Address&apos; on field &apos;country&apos;: rejected value [null]; codes [com.minnehahalofts.app.Address.country.nullable.error.com.minnehahalofts.app.Address.country,com.minnehahalofts.app.Address.country.nullable.error.country,com.minnehahalofts.app.Address.country.nullable.error.java.lang.String,com.minnehahalofts.app.Address.country.nullable.error,address.country.nullable.error.com.minnehahalofts.app.Address.country,address.country.nullable.error.country,address.country.nullable.error.java.lang.String,address.country.nullable.error,com.minnehahalofts.app.Address.country.nullable.com.minnehahalofts.app.Address.country,com.minnehahalofts.app.Address.country.nullable.country,com.minnehahalofts.app.Address.country.nullable.java.lang.String,com.minnehahalofts.app.Address.country.nullable,address.country.nullable.com.minnehahalofts.app.Address.country,address.country.nullable.country,address.country.nullable.java.lang.String,address.country.nullable,nullable.com.minnehahalofts.app.Address.country,nullable.country,nullable.java.lang.String,nullable]; arguments [country,class com.minnehahalofts.app.Address]; default message [Property [{0}] of class [{1}] cannot be null]&#xa;Field error in object &apos;com.minnehahalofts.app.Address&apos; on field &apos;zip&apos;: rejected value [null]; codes [com.minnehahalofts.app.Address.zip.nullable.error.com.minnehahalofts.app.Address.zip,com.minnehahalofts.app.Address.zip.nullable.error.zip,com.minnehahalofts.app.Address.zip.nullable.error.java.lang.String,com.minnehahalofts.app.Address.zip.nullable.error,address.zip.nullable.error.com.minnehahalofts.app.Address.zip,address.zip.nullable.error.zip,address.zip.nullable.error.java.lang.String,address.zip.nullable.error,com.minnehahalofts.app.Address.zip.nullable.com.minnehahalofts.app.Address.zip,com.minnehahalofts.app.Address.zip.nullable.zip,com.minnehahalofts.app.Address.zip.nullable.java.lang.String,com.minnehahalofts.app.Address.zip.nullable,address.zip.nullable.com.minnehahalofts.app.Address.zip,address.zip.nullable.zip,address.zip.nullable.java.lang.String,address.zip.nullable,nullable.com.minnehahalofts.app.Address.zip,nullable.zip,nullable.java.lang.String,nullable]; arguments [zip,class com.minnehahalofts.app.Address]; default message [Property [{0}] of class [{1}] cannot be null]&#xa;]]" type="java.lang.Exception">java.lang.Exception: Unable to build valid com.minnehahalofts.app.Address instance, errors: [[	grails.validation.ValidationErrors: 5 errors
Field error in object &apos;com.minnehahalofts.app.Address&apos; on field &apos;street&apos;: rejected value [null]; codes [com.minnehahalofts.app.Address.street.nullable.error.com.minnehahalofts.app.Address.street,com.minnehahalofts.app.Address.street.nullable.error.street,com.minnehahalofts.app.Address.street.nullable.error.java.lang.String,com.minnehahalofts.app.Address.street.nullable.error,address.street.nullable.error.com.minnehahalofts.app.Address.street,address.street.nullable.error.street,address.street.nullable.error.java.lang.String,address.street.nullable.error,com.minnehahalofts.app.Address.street.nullable.com.minnehahalofts.app.Address.street,com.minnehahalofts.app.Address.street.nullable.street,com.minnehahalofts.app.Address.street.nullable.java.lang.String,com.minnehahalofts.app.Address.street.nullable,address.street.nullable.com.minnehahalofts.app.Address.street,address.street.nullable.street,address.street.nullable.java.lang.String,address.street.nullable,nullable.com.minnehahalofts.app.Address.street,nullable.street,nullable.java.lang.String,nullable]; arguments [street,class com.minnehahalofts.app.Address]; default message [Property [{0}] of class [{1}] cannot be null]
Field error in object &apos;com.minnehahalofts.app.Address&apos; on field &apos;city&apos;: rejected value [null]; codes [com.minnehahalofts.app.Address.city.nullable.error.com.minnehahalofts.app.Address.city,com.minnehahalofts.app.Address.city.nullable.error.city,com.minnehahalofts.app.Address.city.nullable.error.java.lang.String,com.minnehahalofts.app.Address.city.nullable.error,address.city.nullable.error.com.minnehahalofts.app.Address.city,address.city.nullable.error.city,address.city.nullable.error.java.lang.String,address.city.nullable.error,com.minnehahalofts.app.Address.city.nullable.com.minnehahalofts.app.Address.city,com.minnehahalofts.app.Address.city.nullable.city,com.minnehahalofts.app.Address.city.nullable.java.lang.String,com.minnehahalofts.app.Address.city.nullable,address.city.nullable.com.minnehahalofts.app.Address.city,address.city.nullable.city,address.city.nullable.java.lang.String,address.city.nullable,nullable.com.minnehahalofts.app.Address.city,nullable.city,nullable.java.lang.String,nullable]; arguments [city,class com.minnehahalofts.app.Address]; default message [Property [{0}] of class [{1}] cannot be null]
Field error in object &apos;com.minnehahalofts.app.Address&apos; on field &apos;state&apos;: rejected value [null]; codes [com.minnehahalofts.app.Address.state.nullable.error.com.minnehahalofts.app.Address.state,com.minnehahalofts.app.Address.state.nullable.error.state,com.minnehahalofts.app.Address.state.nullable.error.java.lang.String,com.minnehahalofts.app.Address.state.nullable.error,address.state.nullable.error.com.minnehahalofts.app.Address.state,address.state.nullable.error.state,address.state.nullable.error.java.lang.String,address.state.nullable.error,com.minnehahalofts.app.Address.state.nullable.com.minnehahalofts.app.Address.state,com.minnehahalofts.app.Address.state.nullable.state,com.minnehahalofts.app.Address.state.nullable.java.lang.String,com.minnehahalofts.app.Address.state.nullable,address.state.nullable.com.minnehahalofts.app.Address.state,address.state.nullable.state,address.state.nullable.java.lang.String,address.state.nullable,nullable.com.minnehahalofts.app.Address.state,nullable.state,nullable.java.lang.String,nullable]; arguments [state,class com.minnehahalofts.app.Address]; default message [Property [{0}] of class [{1}] cannot be null]
Field error in object &apos;com.minnehahalofts.app.Address&apos; on field &apos;country&apos;: rejected value [null]; codes [com.minnehahalofts.app.Address.country.nullable.error.com.minnehahalofts.app.Address.country,com.minnehahalofts.app.Address.country.nullable.error.country,com.minnehahalofts.app.Address.country.nullable.error.java.lang.String,com.minnehahalofts.app.Address.country.nullable.error,address.country.nullable.error.com.minnehahalofts.app.Address.country,address.country.nullable.error.country,address.country.nullable.error.java.lang.String,address.country.nullable.error,com.minnehahalofts.app.Address.country.nullable.com.minnehahalofts.app.Address.country,com.minnehahalofts.app.Address.country.nullable.country,com.minnehahalofts.app.Address.country.nullable.java.lang.String,com.minnehahalofts.app.Address.country.nullable,address.country.nullable.com.minnehahalofts.app.Address.country,address.country.nullable.country,address.country.nullable.java.lang.String,address.country.nullable,nullable.com.minnehahalofts.app.Address.country,nullable.country,nullable.java.lang.String,nullable]; arguments [country,class com.minnehahalofts.app.Address]; default message [Property [{0}] of class [{1}] cannot be null]
Field error in object &apos;com.minnehahalofts.app.Address&apos; on field &apos;zip&apos;: rejected value [null]; codes [com.minnehahalofts.app.Address.zip.nullable.error.com.minnehahalofts.app.Address.zip,com.minnehahalofts.app.Address.zip.nullable.error.zip,com.minnehahalofts.app.Address.zip.nullable.error.java.lang.String,com.minnehahalofts.app.Address.zip.nullable.error,address.zip.nullable.error.com.minnehahalofts.app.Address.zip,address.zip.nullable.error.zip,address.zip.nullable.error.java.lang.String,address.zip.nullable.error,com.minnehahalofts.app.Address.zip.nullable.com.minnehahalofts.app.Address.zip,com.minnehahalofts.app.Address.zip.nullable.zip,com.minnehahalofts.app.Address.zip.nullable.java.lang.String,com.minnehahalofts.app.Address.zip.nullable,address.zip.nullable.com.minnehahalofts.app.Address.zip,address.zip.nullable.zip,address.zip.nullable.java.lang.String,address.zip.nullable,nullable.com.minnehahalofts.app.Address.zip,nullable.zip,nullable.java.lang.String,nullable]; arguments [zip,class com.minnehahalofts.app.Address]; default message [Property [{0}] of class [{1}] cannot be null]
]]
	at grails.buildtestdata.DomainInstanceBuilder.save(DomainInstanceBuilder.groovy:241)
	at grails.buildtestdata.BuildTestDataService.addBuildMethods_closure9(BuildTestDataService.groovy:64)
	at grails.buildtestdata.DomainInstanceBuilder.save(DomainInstanceBuilder.groovy:236)
	at grails.buildtestdata.DomainInstanceBuilder.save(DomainInstanceBuilder.groovy:230)
	at grails.buildtestdata.DomainInstanceBuilder.build(DomainInstanceBuilder.groovy:135)
	at grails.buildtestdata.DomainInstanceBuilder.build(DomainInstanceBuilder.groovy:133)
	at grails.buildtestdata.BuildTestDataService.addBuildMethods_closure1(BuildTestDataService.groovy:25)
	at com.minnehahalofts.app.ReviewIntegrationSpec.one-to-many from Review to RentalUnit ensured(ReviewIntegrationSpec.groovy:62)
</error>
  </testcase>
  <testcase classname="com.minnehahalofts.app.ReviewIntegrationSpec" name="getImgUrl method overloaded test" time="0.01">
    <error message="Unable to build valid com.minnehahalofts.app.Address instance, errors: [[&#x9;grails.validation.ValidationErrors: 5 errors&#xa;Field error in object &apos;com.minnehahalofts.app.Address&apos; on field &apos;street&apos;: rejected value [null]; codes [com.minnehahalofts.app.Address.street.nullable.error.com.minnehahalofts.app.Address.street,com.minnehahalofts.app.Address.street.nullable.error.street,com.minnehahalofts.app.Address.street.nullable.error.java.lang.String,com.minnehahalofts.app.Address.street.nullable.error,address.street.nullable.error.com.minnehahalofts.app.Address.street,address.street.nullable.error.street,address.street.nullable.error.java.lang.String,address.street.nullable.error,com.minnehahalofts.app.Address.street.nullable.com.minnehahalofts.app.Address.street,com.minnehahalofts.app.Address.street.nullable.street,com.minnehahalofts.app.Address.street.nullable.java.lang.String,com.minnehahalofts.app.Address.street.nullable,address.street.nullable.com.minnehahalofts.app.Address.street,address.street.nullable.street,address.street.nullable.java.lang.String,address.street.nullable,nullable.com.minnehahalofts.app.Address.street,nullable.street,nullable.java.lang.String,nullable]; arguments [street,class com.minnehahalofts.app.Address]; default message [Property [{0}] of class [{1}] cannot be null]&#xa;Field error in object &apos;com.minnehahalofts.app.Address&apos; on field &apos;city&apos;: rejected value [null]; codes [com.minnehahalofts.app.Address.city.nullable.error.com.minnehahalofts.app.Address.city,com.minnehahalofts.app.Address.city.nullable.error.city,com.minnehahalofts.app.Address.city.nullable.error.java.lang.String,com.minnehahalofts.app.Address.city.nullable.error,address.city.nullable.error.com.minnehahalofts.app.Address.city,address.city.nullable.error.city,address.city.nullable.error.java.lang.String,address.city.nullable.error,com.minnehahalofts.app.Address.city.nullable.com.minnehahalofts.app.Address.city,com.minnehahalofts.app.Address.city.nullable.city,com.minnehahalofts.app.Address.city.nullable.java.lang.String,com.minnehahalofts.app.Address.city.nullable,address.city.nullable.com.minnehahalofts.app.Address.city,address.city.nullable.city,address.city.nullable.java.lang.String,address.city.nullable,nullable.com.minnehahalofts.app.Address.city,nullable.city,nullable.java.lang.String,nullable]; arguments [city,class com.minnehahalofts.app.Address]; default message [Property [{0}] of class [{1}] cannot be null]&#xa;Field error in object &apos;com.minnehahalofts.app.Address&apos; on field &apos;state&apos;: rejected value [null]; codes [com.minnehahalofts.app.Address.state.nullable.error.com.minnehahalofts.app.Address.state,com.minnehahalofts.app.Address.state.nullable.error.state,com.minnehahalofts.app.Address.state.nullable.error.java.lang.String,com.minnehahalofts.app.Address.state.nullable.error,address.state.nullable.error.com.minnehahalofts.app.Address.state,address.state.nullable.error.state,address.state.nullable.error.java.lang.String,address.state.nullable.error,com.minnehahalofts.app.Address.state.nullable.com.minnehahalofts.app.Address.state,com.minnehahalofts.app.Address.state.nullable.state,com.minnehahalofts.app.Address.state.nullable.java.lang.String,com.minnehahalofts.app.Address.state.nullable,address.state.nullable.com.minnehahalofts.app.Address.state,address.state.nullable.state,address.state.nullable.java.lang.String,address.state.nullable,nullable.com.minnehahalofts.app.Address.state,nullable.state,nullable.java.lang.String,nullable]; arguments [state,class com.minnehahalofts.app.Address]; default message [Property [{0}] of class [{1}] cannot be null]&#xa;Field error in object &apos;com.minnehahalofts.app.Address&apos; on field &apos;country&apos;: rejected value [null]; codes [com.minnehahalofts.app.Address.country.nullable.error.com.minnehahalofts.app.Address.country,com.minnehahalofts.app.Address.country.nullable.error.country,com.minnehahalofts.app.Address.country.nullable.error.java.lang.String,com.minnehahalofts.app.Address.country.nullable.error,address.country.nullable.error.com.minnehahalofts.app.Address.country,address.country.nullable.error.country,address.country.nullable.error.java.lang.String,address.country.nullable.error,com.minnehahalofts.app.Address.country.nullable.com.minnehahalofts.app.Address.country,com.minnehahalofts.app.Address.country.nullable.country,com.minnehahalofts.app.Address.country.nullable.java.lang.String,com.minnehahalofts.app.Address.country.nullable,address.country.nullable.com.minnehahalofts.app.Address.country,address.country.nullable.country,address.country.nullable.java.lang.String,address.country.nullable,nullable.com.minnehahalofts.app.Address.country,nullable.country,nullable.java.lang.String,nullable]; arguments [country,class com.minnehahalofts.app.Address]; default message [Property [{0}] of class [{1}] cannot be null]&#xa;Field error in object &apos;com.minnehahalofts.app.Address&apos; on field &apos;zip&apos;: rejected value [null]; codes [com.minnehahalofts.app.Address.zip.nullable.error.com.minnehahalofts.app.Address.zip,com.minnehahalofts.app.Address.zip.nullable.error.zip,com.minnehahalofts.app.Address.zip.nullable.error.java.lang.String,com.minnehahalofts.app.Address.zip.nullable.error,address.zip.nullable.error.com.minnehahalofts.app.Address.zip,address.zip.nullable.error.zip,address.zip.nullable.error.java.lang.String,address.zip.nullable.error,com.minnehahalofts.app.Address.zip.nullable.com.minnehahalofts.app.Address.zip,com.minnehahalofts.app.Address.zip.nullable.zip,com.minnehahalofts.app.Address.zip.nullable.java.lang.String,com.minnehahalofts.app.Address.zip.nullable,address.zip.nullable.com.minnehahalofts.app.Address.zip,address.zip.nullable.zip,address.zip.nullable.java.lang.String,address.zip.nullable,nullable.com.minnehahalofts.app.Address.zip,nullable.zip,nullable.java.lang.String,nullable]; arguments [zip,class com.minnehahalofts.app.Address]; default message [Property [{0}] of class [{1}] cannot be null]&#xa;]]" type="java.lang.Exception">java.lang.Exception: Unable to build valid com.minnehahalofts.app.Address instance, errors: [[	grails.validation.ValidationErrors: 5 errors
Field error in object &apos;com.minnehahalofts.app.Address&apos; on field &apos;street&apos;: rejected value [null]; codes [com.minnehahalofts.app.Address.street.nullable.error.com.minnehahalofts.app.Address.street,com.minnehahalofts.app.Address.street.nullable.error.street,com.minnehahalofts.app.Address.street.nullable.error.java.lang.String,com.minnehahalofts.app.Address.street.nullable.error,address.street.nullable.error.com.minnehahalofts.app.Address.street,address.street.nullable.error.street,address.street.nullable.error.java.lang.String,address.street.nullable.error,com.minnehahalofts.app.Address.street.nullable.com.minnehahalofts.app.Address.street,com.minnehahalofts.app.Address.street.nullable.street,com.minnehahalofts.app.Address.street.nullable.java.lang.String,com.minnehahalofts.app.Address.street.nullable,address.street.nullable.com.minnehahalofts.app.Address.street,address.street.nullable.street,address.street.nullable.java.lang.String,address.street.nullable,nullable.com.minnehahalofts.app.Address.street,nullable.street,nullable.java.lang.String,nullable]; arguments [street,class com.minnehahalofts.app.Address]; default message [Property [{0}] of class [{1}] cannot be null]
Field error in object &apos;com.minnehahalofts.app.Address&apos; on field &apos;city&apos;: rejected value [null]; codes [com.minnehahalofts.app.Address.city.nullable.error.com.minnehahalofts.app.Address.city,com.minnehahalofts.app.Address.city.nullable.error.city,com.minnehahalofts.app.Address.city.nullable.error.java.lang.String,com.minnehahalofts.app.Address.city.nullable.error,address.city.nullable.error.com.minnehahalofts.app.Address.city,address.city.nullable.error.city,address.city.nullable.error.java.lang.String,address.city.nullable.error,com.minnehahalofts.app.Address.city.nullable.com.minnehahalofts.app.Address.city,com.minnehahalofts.app.Address.city.nullable.city,com.minnehahalofts.app.Address.city.nullable.java.lang.String,com.minnehahalofts.app.Address.city.nullable,address.city.nullable.com.minnehahalofts.app.Address.city,address.city.nullable.city,address.city.nullable.java.lang.String,address.city.nullable,nullable.com.minnehahalofts.app.Address.city,nullable.city,nullable.java.lang.String,nullable]; arguments [city,class com.minnehahalofts.app.Address]; default message [Property [{0}] of class [{1}] cannot be null]
Field error in object &apos;com.minnehahalofts.app.Address&apos; on field &apos;state&apos;: rejected value [null]; codes [com.minnehahalofts.app.Address.state.nullable.error.com.minnehahalofts.app.Address.state,com.minnehahalofts.app.Address.state.nullable.error.state,com.minnehahalofts.app.Address.state.nullable.error.java.lang.String,com.minnehahalofts.app.Address.state.nullable.error,address.state.nullable.error.com.minnehahalofts.app.Address.state,address.state.nullable.error.state,address.state.nullable.error.java.lang.String,address.state.nullable.error,com.minnehahalofts.app.Address.state.nullable.com.minnehahalofts.app.Address.state,com.minnehahalofts.app.Address.state.nullable.state,com.minnehahalofts.app.Address.state.nullable.java.lang.String,com.minnehahalofts.app.Address.state.nullable,address.state.nullable.com.minnehahalofts.app.Address.state,address.state.nullable.state,address.state.nullable.java.lang.String,address.state.nullable,nullable.com.minnehahalofts.app.Address.state,nullable.state,nullable.java.lang.String,nullable]; arguments [state,class com.minnehahalofts.app.Address]; default message [Property [{0}] of class [{1}] cannot be null]
Field error in object &apos;com.minnehahalofts.app.Address&apos; on field &apos;country&apos;: rejected value [null]; codes [com.minnehahalofts.app.Address.country.nullable.error.com.minnehahalofts.app.Address.country,com.minnehahalofts.app.Address.country.nullable.error.country,com.minnehahalofts.app.Address.country.nullable.error.java.lang.String,com.minnehahalofts.app.Address.country.nullable.error,address.country.nullable.error.com.minnehahalofts.app.Address.country,address.country.nullable.error.country,address.country.nullable.error.java.lang.String,address.country.nullable.error,com.minnehahalofts.app.Address.country.nullable.com.minnehahalofts.app.Address.country,com.minnehahalofts.app.Address.country.nullable.country,com.minnehahalofts.app.Address.country.nullable.java.lang.String,com.minnehahalofts.app.Address.country.nullable,address.country.nullable.com.minnehahalofts.app.Address.country,address.country.nullable.country,address.country.nullable.java.lang.String,address.country.nullable,nullable.com.minnehahalofts.app.Address.country,nullable.country,nullable.java.lang.String,nullable]; arguments [country,class com.minnehahalofts.app.Address]; default message [Property [{0}] of class [{1}] cannot be null]
Field error in object &apos;com.minnehahalofts.app.Address&apos; on field &apos;zip&apos;: rejected value [null]; codes [com.minnehahalofts.app.Address.zip.nullable.error.com.minnehahalofts.app.Address.zip,com.minnehahalofts.app.Address.zip.nullable.error.zip,com.minnehahalofts.app.Address.zip.nullable.error.java.lang.String,com.minnehahalofts.app.Address.zip.nullable.error,address.zip.nullable.error.com.minnehahalofts.app.Address.zip,address.zip.nullable.error.zip,address.zip.nullable.error.java.lang.String,address.zip.nullable.error,com.minnehahalofts.app.Address.zip.nullable.com.minnehahalofts.app.Address.zip,com.minnehahalofts.app.Address.zip.nullable.zip,com.minnehahalofts.app.Address.zip.nullable.java.lang.String,com.minnehahalofts.app.Address.zip.nullable,address.zip.nullable.com.minnehahalofts.app.Address.zip,address.zip.nullable.zip,address.zip.nullable.java.lang.String,address.zip.nullable,nullable.com.minnehahalofts.app.Address.zip,nullable.zip,nullable.java.lang.String,nullable]; arguments [zip,class com.minnehahalofts.app.Address]; default message [Property [{0}] of class [{1}] cannot be null]
]]
	at grails.buildtestdata.DomainInstanceBuilder.save(DomainInstanceBuilder.groovy:241)
	at grails.buildtestdata.BuildTestDataService.addBuildMethods_closure9(BuildTestDataService.groovy:64)
	at grails.buildtestdata.DomainInstanceBuilder.save(DomainInstanceBuilder.groovy:236)
	at grails.buildtestdata.DomainInstanceBuilder.save(DomainInstanceBuilder.groovy:230)
	at grails.buildtestdata.DomainInstanceBuilder.build(DomainInstanceBuilder.groovy:135)
	at grails.buildtestdata.DomainInstanceBuilder.build(DomainInstanceBuilder.groovy:133)
	at grails.buildtestdata.BuildTestDataService.addBuildMethods_closure5(BuildTestDataService.groovy:46)
	at com.minnehahalofts.app.ReviewIntegrationSpec.getImgUrl method overloaded test(ReviewIntegrationSpec.groovy:83)
</error>
  </testcase>
  <system-out><![CDATA[--Output from save and retrieve Review with all associations present--
--Output from update Review with all associations present--
--Output from delete Review with all associations present--
--Output from one-to-many from Review to RentalUnit ensured--
--Output from getImgUrl method overloaded test--
]]></system-out>
  <system-err><![CDATA[--Output from save and retrieve Review with all associations present--
--Output from update Review with all associations present--
--Output from delete Review with all associations present--
--Output from one-to-many from Review to RentalUnit ensured--
--Output from getImgUrl method overloaded test--
]]></system-err>
</testsuite>
