<?xml version="1.0" encoding="UTF-8" ?>
<testsuite errors="10" failures="0" hostname="Margots-Kapacs.local" name="com.minnehahalofts.app.RentalUnitIntegrationSpec" tests="11" time="0.37" timestamp="2013-06-06T14:59:19">
  <properties />
  <testcase classname="com.minnehahalofts.app.RentalUnitIntegrationSpec" name="test setupRentalUnit helper method" time="0.041">
    <error message="object references an unsaved transient instance - save the transient instance before flushing: com.minnehahalofts.app.Company; nested exception is org.hibernate.TransientObjectException: object references an unsaved transient instance - save the transient instance before flushing: com.minnehahalofts.app.Company" type="org.springframework.dao.InvalidDataAccessApiUsageException">org.springframework.dao.InvalidDataAccessApiUsageException: object references an unsaved transient instance - save the transient instance before flushing: com.minnehahalofts.app.Company; nested exception is org.hibernate.TransientObjectException: object references an unsaved transient instance - save the transient instance before flushing: com.minnehahalofts.app.Company
	at com.minnehahalofts.app.RentalUnitIntegrationSpec.setupRentalUnit(RentalUnitIntegrationSpec.groovy:228)
	at com.minnehahalofts.app.RentalUnitIntegrationSpec.test setupRentalUnit helper method(RentalUnitIntegrationSpec.groovy:13)
Caused by: org.hibernate.TransientObjectException: object references an unsaved transient instance - save the transient instance before flushing: com.minnehahalofts.app.Company
</error>
  </testcase>
  <testcase classname="com.minnehahalofts.app.RentalUnitIntegrationSpec" name="save and retrieve RentalUnit with all associations present" time="0.042">
    <error message="object references an unsaved transient instance - save the transient instance before flushing: com.minnehahalofts.app.Company; nested exception is org.hibernate.TransientObjectException: object references an unsaved transient instance - save the transient instance before flushing: com.minnehahalofts.app.Company" type="org.springframework.dao.InvalidDataAccessApiUsageException">org.springframework.dao.InvalidDataAccessApiUsageException: object references an unsaved transient instance - save the transient instance before flushing: com.minnehahalofts.app.Company; nested exception is org.hibernate.TransientObjectException: object references an unsaved transient instance - save the transient instance before flushing: com.minnehahalofts.app.Company
	at com.minnehahalofts.app.RentalUnitIntegrationSpec.setupRentalUnit(RentalUnitIntegrationSpec.groovy:228)
	at com.minnehahalofts.app.RentalUnitIntegrationSpec.save and retrieve RentalUnit with all associations present(RentalUnitIntegrationSpec.groovy:26)
Caused by: org.hibernate.TransientObjectException: object references an unsaved transient instance - save the transient instance before flushing: com.minnehahalofts.app.Company
</error>
  </testcase>
  <testcase classname="com.minnehahalofts.app.RentalUnitIntegrationSpec" name="update RentalUnit with all associations present" time="0.041">
    <error message="object references an unsaved transient instance - save the transient instance before flushing: com.minnehahalofts.app.Company; nested exception is org.hibernate.TransientObjectException: object references an unsaved transient instance - save the transient instance before flushing: com.minnehahalofts.app.Company" type="org.springframework.dao.InvalidDataAccessApiUsageException">org.springframework.dao.InvalidDataAccessApiUsageException: object references an unsaved transient instance - save the transient instance before flushing: com.minnehahalofts.app.Company; nested exception is org.hibernate.TransientObjectException: object references an unsaved transient instance - save the transient instance before flushing: com.minnehahalofts.app.Company
	at com.minnehahalofts.app.RentalUnitIntegrationSpec.setupRentalUnit(RentalUnitIntegrationSpec.groovy:228)
	at com.minnehahalofts.app.RentalUnitIntegrationSpec.update RentalUnit with all associations present(RentalUnitIntegrationSpec.groovy:37)
Caused by: org.hibernate.TransientObjectException: object references an unsaved transient instance - save the transient instance before flushing: com.minnehahalofts.app.Company
</error>
  </testcase>
  <testcase classname="com.minnehahalofts.app.RentalUnitIntegrationSpec" name="delete RentalUnit with all associations present" time="0.03">
    <error message="object references an unsaved transient instance - save the transient instance before flushing: com.minnehahalofts.app.Company; nested exception is org.hibernate.TransientObjectException: object references an unsaved transient instance - save the transient instance before flushing: com.minnehahalofts.app.Company" type="org.springframework.dao.InvalidDataAccessApiUsageException">org.springframework.dao.InvalidDataAccessApiUsageException: object references an unsaved transient instance - save the transient instance before flushing: com.minnehahalofts.app.Company; nested exception is org.hibernate.TransientObjectException: object references an unsaved transient instance - save the transient instance before flushing: com.minnehahalofts.app.Company
	at com.minnehahalofts.app.RentalUnitIntegrationSpec.setupRentalUnit(RentalUnitIntegrationSpec.groovy:228)
	at com.minnehahalofts.app.RentalUnitIntegrationSpec.delete RentalUnit with all associations present(RentalUnitIntegrationSpec.groovy:49)
Caused by: org.hibernate.TransientObjectException: object references an unsaved transient instance - save the transient instance before flushing: com.minnehahalofts.app.Company
</error>
  </testcase>
  <testcase classname="com.minnehahalofts.app.RentalUnitIntegrationSpec" name="cascading address ensured with all associations present" time="0.029">
    <error message="object references an unsaved transient instance - save the transient instance before flushing: com.minnehahalofts.app.Company; nested exception is org.hibernate.TransientObjectException: object references an unsaved transient instance - save the transient instance before flushing: com.minnehahalofts.app.Company" type="org.springframework.dao.InvalidDataAccessApiUsageException">org.springframework.dao.InvalidDataAccessApiUsageException: object references an unsaved transient instance - save the transient instance before flushing: com.minnehahalofts.app.Company; nested exception is org.hibernate.TransientObjectException: object references an unsaved transient instance - save the transient instance before flushing: com.minnehahalofts.app.Company
	at com.minnehahalofts.app.RentalUnitIntegrationSpec.setupRentalUnit(RentalUnitIntegrationSpec.groovy:228)
	at com.minnehahalofts.app.RentalUnitIntegrationSpec.cascading address ensured with all associations present(RentalUnitIntegrationSpec.groovy:68)
Caused by: org.hibernate.TransientObjectException: object references an unsaved transient instance - save the transient instance before flushing: com.minnehahalofts.app.Company
</error>
  </testcase>
  <testcase classname="com.minnehahalofts.app.RentalUnitIntegrationSpec" name="one-to-one relationship between rentalUnit and Address" time="0.024" />
  <testcase classname="com.minnehahalofts.app.RentalUnitIntegrationSpec" name="cascading review ensured with all associations present" time="0.033">
    <error message="object references an unsaved transient instance - save the transient instance before flushing: com.minnehahalofts.app.Company; nested exception is org.hibernate.TransientObjectException: object references an unsaved transient instance - save the transient instance before flushing: com.minnehahalofts.app.Company" type="org.springframework.dao.InvalidDataAccessApiUsageException">org.springframework.dao.InvalidDataAccessApiUsageException: object references an unsaved transient instance - save the transient instance before flushing: com.minnehahalofts.app.Company; nested exception is org.hibernate.TransientObjectException: object references an unsaved transient instance - save the transient instance before flushing: com.minnehahalofts.app.Company
	at com.minnehahalofts.app.RentalUnitIntegrationSpec.setupRentalUnit(RentalUnitIntegrationSpec.groovy:228)
	at com.minnehahalofts.app.RentalUnitIntegrationSpec.cascading review ensured with all associations present(RentalUnitIntegrationSpec.groovy:99)
Caused by: org.hibernate.TransientObjectException: object references an unsaved transient instance - save the transient instance before flushing: com.minnehahalofts.app.Company
</error>
  </testcase>
  <testcase classname="com.minnehahalofts.app.RentalUnitIntegrationSpec" name="one-to-many relationship between RentalUnit and Review" time="0.014">
    <error message="Unable to build valid com.minnehahalofts.app.Address instance, errors: [[&#x9;grails.validation.ValidationErrors: 5 errors&#xa;Field error in object &apos;com.minnehahalofts.app.Address&apos; on field &apos;street&apos;: rejected value [null]; codes [com.minnehahalofts.app.Address.street.nullable.error.com.minnehahalofts.app.Address.street,com.minnehahalofts.app.Address.street.nullable.error.street,com.minnehahalofts.app.Address.street.nullable.error.java.lang.String,com.minnehahalofts.app.Address.street.nullable.error,address.street.nullable.error.com.minnehahalofts.app.Address.street,address.street.nullable.error.street,address.street.nullable.error.java.lang.String,address.street.nullable.error,com.minnehahalofts.app.Address.street.nullable.com.minnehahalofts.app.Address.street,com.minnehahalofts.app.Address.street.nullable.street,com.minnehahalofts.app.Address.street.nullable.java.lang.String,com.minnehahalofts.app.Address.street.nullable,address.street.nullable.com.minnehahalofts.app.Address.street,address.street.nullable.street,address.street.nullable.java.lang.String,address.street.nullable,nullable.com.minnehahalofts.app.Address.street,nullable.street,nullable.java.lang.String,nullable]; arguments [street,class com.minnehahalofts.app.Address]; default message [Property [{0}] of class [{1}] cannot be null]&#xa;Field error in object &apos;com.minnehahalofts.app.Address&apos; on field &apos;city&apos;: rejected value [null]; codes [com.minnehahalofts.app.Address.city.nullable.error.com.minnehahalofts.app.Address.city,com.minnehahalofts.app.Address.city.nullable.error.city,com.minnehahalofts.app.Address.city.nullable.error.java.lang.String,com.minnehahalofts.app.Address.city.nullable.error,address.city.nullable.error.com.minnehahalofts.app.Address.city,address.city.nullable.error.city,address.city.nullable.error.java.lang.String,address.city.nullable.error,com.minnehahalofts.app.Address.city.nullable.com.minnehahalofts.app.Address.city,com.minnehahalofts.app.Address.city.nullable.city,com.minnehahalofts.app.Address.city.nullable.java.lang.String,com.minnehahalofts.app.Address.city.nullable,address.city.nullable.com.minnehahalofts.app.Address.city,address.city.nullable.city,address.city.nullable.java.lang.String,address.city.nullable,nullable.com.minnehahalofts.app.Address.city,nullable.city,nullable.java.lang.String,nullable]; arguments [city,class com.minnehahalofts.app.Address]; default message [Property [{0}] of class [{1}] cannot be null]&#xa;Field error in object &apos;com.minnehahalofts.app.Address&apos; on field &apos;state&apos;: rejected value [null]; codes [com.minnehahalofts.app.Address.state.nullable.error.com.minnehahalofts.app.Address.state,com.minnehahalofts.app.Address.state.nullable.error.state,com.minnehahalofts.app.Address.state.nullable.error.java.lang.String,com.minnehahalofts.app.Address.state.nullable.error,address.state.nullable.error.com.minnehahalofts.app.Address.state,address.state.nullable.error.state,address.state.nullable.error.java.lang.String,address.state.nullable.error,com.minnehahalofts.app.Address.state.nullable.com.minnehahalofts.app.Address.state,com.minnehahalofts.app.Address.state.nullable.state,com.minnehahalofts.app.Address.state.nullable.java.lang.String,com.minnehahalofts.app.Address.state.nullable,address.state.nullable.com.minnehahalofts.app.Address.state,address.state.nullable.state,address.state.nullable.java.lang.String,address.state.nullable,nullable.com.minnehahalofts.app.Address.state,nullable.state,nullable.java.lang.String,nullable]; arguments [state,class com.minnehahalofts.app.Address]; default message [Property [{0}] of class [{1}] cannot be null]&#xa;Field error in object &apos;com.minnehahalofts.app.Address&apos; on field &apos;country&apos;: rejected value [null]; codes [com.minnehahalofts.app.Address.country.nullable.error.com.minnehahalofts.app.Address.country,com.minnehahalofts.app.Address.country.nullable.error.country,com.minnehahalofts.app.Address.country.nullable.error.java.lang.String,com.minnehahalofts.app.Address.country.nullable.error,address.country.nullable.error.com.minnehahalofts.app.Address.country,address.country.nullable.error.country,address.country.nullable.error.java.lang.String,address.country.nullable.error,com.minnehahalofts.app.Address.country.nullable.com.minnehahalofts.app.Address.country,com.minnehahalofts.app.Address.country.nullable.country,com.minnehahalofts.app.Address.country.nullable.java.lang.String,com.minnehahalofts.app.Address.country.nullable,address.country.nullable.com.minnehahalofts.app.Address.country,address.country.nullable.country,address.country.nullable.java.lang.String,address.country.nullable,nullable.com.minnehahalofts.app.Address.country,nullable.country,nullable.java.lang.String,nullable]; arguments [country,class com.minnehahalofts.app.Address]; default message [Property [{0}] of class [{1}] cannot be null]&#xa;Field error in object &apos;com.minnehahalofts.app.Address&apos; on field &apos;zip&apos;: rejected value [null]; codes [com.minnehahalofts.app.Address.zip.nullable.error.com.minnehahalofts.app.Address.zip,com.minnehahalofts.app.Address.zip.nullable.error.zip,com.minnehahalofts.app.Address.zip.nullable.error.java.lang.String,com.minnehahalofts.app.Address.zip.nullable.error,address.zip.nullable.error.com.minnehahalofts.app.Address.zip,address.zip.nullable.error.zip,address.zip.nullable.error.java.lang.String,address.zip.nullable.error,com.minnehahalofts.app.Address.zip.nullable.com.minnehahalofts.app.Address.zip,com.minnehahalofts.app.Address.zip.nullable.zip,com.minnehahalofts.app.Address.zip.nullable.java.lang.String,com.minnehahalofts.app.Address.zip.nullable,address.zip.nullable.com.minnehahalofts.app.Address.zip,address.zip.nullable.zip,address.zip.nullable.java.lang.String,address.zip.nullable,nullable.com.minnehahalofts.app.Address.zip,nullable.zip,nullable.java.lang.String,nullable]; arguments [zip,class com.minnehahalofts.app.Address]; default message [Property [{0}] of class [{1}] cannot be null]&#xa;]]" type="java.lang.Exception">java.lang.Exception: Unable to build valid com.minnehahalofts.app.Address instance, errors: [[	grails.validation.ValidationErrors: 5 errors
Field error in object &apos;com.minnehahalofts.app.Address&apos; on field &apos;street&apos;: rejected value [null]; codes [com.minnehahalofts.app.Address.street.nullable.error.com.minnehahalofts.app.Address.street,com.minnehahalofts.app.Address.street.nullable.error.street,com.minnehahalofts.app.Address.street.nullable.error.java.lang.String,com.minnehahalofts.app.Address.street.nullable.error,address.street.nullable.error.com.minnehahalofts.app.Address.street,address.street.nullable.error.street,address.street.nullable.error.java.lang.String,address.street.nullable.error,com.minnehahalofts.app.Address.street.nullable.com.minnehahalofts.app.Address.street,com.minnehahalofts.app.Address.street.nullable.street,com.minnehahalofts.app.Address.street.nullable.java.lang.String,com.minnehahalofts.app.Address.street.nullable,address.street.nullable.com.minnehahalofts.app.Address.street,address.street.nullable.street,address.street.nullable.java.lang.String,address.street.nullable,nullable.com.minnehahalofts.app.Address.street,nullable.street,nullable.java.lang.String,nullable]; arguments [street,class com.minnehahalofts.app.Address]; default message [Property [{0}] of class [{1}] cannot be null]
Field error in object &apos;com.minnehahalofts.app.Address&apos; on field &apos;city&apos;: rejected value [null]; codes [com.minnehahalofts.app.Address.city.nullable.error.com.minnehahalofts.app.Address.city,com.minnehahalofts.app.Address.city.nullable.error.city,com.minnehahalofts.app.Address.city.nullable.error.java.lang.String,com.minnehahalofts.app.Address.city.nullable.error,address.city.nullable.error.com.minnehahalofts.app.Address.city,address.city.nullable.error.city,address.city.nullable.error.java.lang.String,address.city.nullable.error,com.minnehahalofts.app.Address.city.nullable.com.minnehahalofts.app.Address.city,com.minnehahalofts.app.Address.city.nullable.city,com.minnehahalofts.app.Address.city.nullable.java.lang.String,com.minnehahalofts.app.Address.city.nullable,address.city.nullable.com.minnehahalofts.app.Address.city,address.city.nullable.city,address.city.nullable.java.lang.String,address.city.nullable,nullable.com.minnehahalofts.app.Address.city,nullable.city,nullable.java.lang.String,nullable]; arguments [city,class com.minnehahalofts.app.Address]; default message [Property [{0}] of class [{1}] cannot be null]
Field error in object &apos;com.minnehahalofts.app.Address&apos; on field &apos;state&apos;: rejected value [null]; codes [com.minnehahalofts.app.Address.state.nullable.error.com.minnehahalofts.app.Address.state,com.minnehahalofts.app.Address.state.nullable.error.state,com.minnehahalofts.app.Address.state.nullable.error.java.lang.String,com.minnehahalofts.app.Address.state.nullable.error,address.state.nullable.error.com.minnehahalofts.app.Address.state,address.state.nullable.error.state,address.state.nullable.error.java.lang.String,address.state.nullable.error,com.minnehahalofts.app.Address.state.nullable.com.minnehahalofts.app.Address.state,com.minnehahalofts.app.Address.state.nullable.state,com.minnehahalofts.app.Address.state.nullable.java.lang.String,com.minnehahalofts.app.Address.state.nullable,address.state.nullable.com.minnehahalofts.app.Address.state,address.state.nullable.state,address.state.nullable.java.lang.String,address.state.nullable,nullable.com.minnehahalofts.app.Address.state,nullable.state,nullable.java.lang.String,nullable]; arguments [state,class com.minnehahalofts.app.Address]; default message [Property [{0}] of class [{1}] cannot be null]
Field error in object &apos;com.minnehahalofts.app.Address&apos; on field &apos;country&apos;: rejected value [null]; codes [com.minnehahalofts.app.Address.country.nullable.error.com.minnehahalofts.app.Address.country,com.minnehahalofts.app.Address.country.nullable.error.country,com.minnehahalofts.app.Address.country.nullable.error.java.lang.String,com.minnehahalofts.app.Address.country.nullable.error,address.country.nullable.error.com.minnehahalofts.app.Address.country,address.country.nullable.error.country,address.country.nullable.error.java.lang.String,address.country.nullable.error,com.minnehahalofts.app.Address.country.nullable.com.minnehahalofts.app.Address.country,com.minnehahalofts.app.Address.country.nullable.country,com.minnehahalofts.app.Address.country.nullable.java.lang.String,com.minnehahalofts.app.Address.country.nullable,address.country.nullable.com.minnehahalofts.app.Address.country,address.country.nullable.country,address.country.nullable.java.lang.String,address.country.nullable,nullable.com.minnehahalofts.app.Address.country,nullable.country,nullable.java.lang.String,nullable]; arguments [country,class com.minnehahalofts.app.Address]; default message [Property [{0}] of class [{1}] cannot be null]
Field error in object &apos;com.minnehahalofts.app.Address&apos; on field &apos;zip&apos;: rejected value [null]; codes [com.minnehahalofts.app.Address.zip.nullable.error.com.minnehahalofts.app.Address.zip,com.minnehahalofts.app.Address.zip.nullable.error.zip,com.minnehahalofts.app.Address.zip.nullable.error.java.lang.String,com.minnehahalofts.app.Address.zip.nullable.error,address.zip.nullable.error.com.minnehahalofts.app.Address.zip,address.zip.nullable.error.zip,address.zip.nullable.error.java.lang.String,address.zip.nullable.error,com.minnehahalofts.app.Address.zip.nullable.com.minnehahalofts.app.Address.zip,com.minnehahalofts.app.Address.zip.nullable.zip,com.minnehahalofts.app.Address.zip.nullable.java.lang.String,com.minnehahalofts.app.Address.zip.nullable,address.zip.nullable.com.minnehahalofts.app.Address.zip,address.zip.nullable.zip,address.zip.nullable.java.lang.String,address.zip.nullable,nullable.com.minnehahalofts.app.Address.zip,nullable.zip,nullable.java.lang.String,nullable]; arguments [zip,class com.minnehahalofts.app.Address]; default message [Property [{0}] of class [{1}] cannot be null]
]]
	at grails.buildtestdata.DomainInstanceBuilder.save(DomainInstanceBuilder.groovy:241)
	at grails.buildtestdata.BuildTestDataService.addBuildMethods_closure9(BuildTestDataService.groovy:64)
	at grails.buildtestdata.DomainInstanceBuilder.save(DomainInstanceBuilder.groovy:236)
	at grails.buildtestdata.DomainInstanceBuilder.save(DomainInstanceBuilder.groovy:230)
	at grails.buildtestdata.DomainInstanceBuilder.build(DomainInstanceBuilder.groovy:135)
	at grails.buildtestdata.DomainInstanceBuilder.build(DomainInstanceBuilder.groovy:133)
	at grails.buildtestdata.BuildTestDataService.addBuildMethods_closure5(BuildTestDataService.groovy:46)
	at com.minnehahalofts.app.RentalUnitIntegrationSpec.one-to-many relationship between RentalUnit and Review(RentalUnitIntegrationSpec.groovy:127)
</error>
  </testcase>
  <testcase classname="com.minnehahalofts.app.RentalUnitIntegrationSpec" name="cascading inquiry ensured with all associations present" time="0.031">
    <error message="object references an unsaved transient instance - save the transient instance before flushing: com.minnehahalofts.app.Company; nested exception is org.hibernate.TransientObjectException: object references an unsaved transient instance - save the transient instance before flushing: com.minnehahalofts.app.Company" type="org.springframework.dao.InvalidDataAccessApiUsageException">org.springframework.dao.InvalidDataAccessApiUsageException: object references an unsaved transient instance - save the transient instance before flushing: com.minnehahalofts.app.Company; nested exception is org.hibernate.TransientObjectException: object references an unsaved transient instance - save the transient instance before flushing: com.minnehahalofts.app.Company
	at com.minnehahalofts.app.RentalUnitIntegrationSpec.setupRentalUnit(RentalUnitIntegrationSpec.groovy:228)
	at com.minnehahalofts.app.RentalUnitIntegrationSpec.cascading inquiry ensured with all associations present(RentalUnitIntegrationSpec.groovy:154)
Caused by: org.hibernate.TransientObjectException: object references an unsaved transient instance - save the transient instance before flushing: com.minnehahalofts.app.Company
</error>
  </testcase>
  <testcase classname="com.minnehahalofts.app.RentalUnitIntegrationSpec" name="one-to-many relationship between RentalUnit and Inquiry" time="0.017">
    <error message="Unable to build valid com.minnehahalofts.app.Address instance, errors: [[&#x9;grails.validation.ValidationErrors: 5 errors&#xa;Field error in object &apos;com.minnehahalofts.app.Address&apos; on field &apos;street&apos;: rejected value [null]; codes [com.minnehahalofts.app.Address.street.nullable.error.com.minnehahalofts.app.Address.street,com.minnehahalofts.app.Address.street.nullable.error.street,com.minnehahalofts.app.Address.street.nullable.error.java.lang.String,com.minnehahalofts.app.Address.street.nullable.error,address.street.nullable.error.com.minnehahalofts.app.Address.street,address.street.nullable.error.street,address.street.nullable.error.java.lang.String,address.street.nullable.error,com.minnehahalofts.app.Address.street.nullable.com.minnehahalofts.app.Address.street,com.minnehahalofts.app.Address.street.nullable.street,com.minnehahalofts.app.Address.street.nullable.java.lang.String,com.minnehahalofts.app.Address.street.nullable,address.street.nullable.com.minnehahalofts.app.Address.street,address.street.nullable.street,address.street.nullable.java.lang.String,address.street.nullable,nullable.com.minnehahalofts.app.Address.street,nullable.street,nullable.java.lang.String,nullable]; arguments [street,class com.minnehahalofts.app.Address]; default message [Property [{0}] of class [{1}] cannot be null]&#xa;Field error in object &apos;com.minnehahalofts.app.Address&apos; on field &apos;city&apos;: rejected value [null]; codes [com.minnehahalofts.app.Address.city.nullable.error.com.minnehahalofts.app.Address.city,com.minnehahalofts.app.Address.city.nullable.error.city,com.minnehahalofts.app.Address.city.nullable.error.java.lang.String,com.minnehahalofts.app.Address.city.nullable.error,address.city.nullable.error.com.minnehahalofts.app.Address.city,address.city.nullable.error.city,address.city.nullable.error.java.lang.String,address.city.nullable.error,com.minnehahalofts.app.Address.city.nullable.com.minnehahalofts.app.Address.city,com.minnehahalofts.app.Address.city.nullable.city,com.minnehahalofts.app.Address.city.nullable.java.lang.String,com.minnehahalofts.app.Address.city.nullable,address.city.nullable.com.minnehahalofts.app.Address.city,address.city.nullable.city,address.city.nullable.java.lang.String,address.city.nullable,nullable.com.minnehahalofts.app.Address.city,nullable.city,nullable.java.lang.String,nullable]; arguments [city,class com.minnehahalofts.app.Address]; default message [Property [{0}] of class [{1}] cannot be null]&#xa;Field error in object &apos;com.minnehahalofts.app.Address&apos; on field &apos;state&apos;: rejected value [null]; codes [com.minnehahalofts.app.Address.state.nullable.error.com.minnehahalofts.app.Address.state,com.minnehahalofts.app.Address.state.nullable.error.state,com.minnehahalofts.app.Address.state.nullable.error.java.lang.String,com.minnehahalofts.app.Address.state.nullable.error,address.state.nullable.error.com.minnehahalofts.app.Address.state,address.state.nullable.error.state,address.state.nullable.error.java.lang.String,address.state.nullable.error,com.minnehahalofts.app.Address.state.nullable.com.minnehahalofts.app.Address.state,com.minnehahalofts.app.Address.state.nullable.state,com.minnehahalofts.app.Address.state.nullable.java.lang.String,com.minnehahalofts.app.Address.state.nullable,address.state.nullable.com.minnehahalofts.app.Address.state,address.state.nullable.state,address.state.nullable.java.lang.String,address.state.nullable,nullable.com.minnehahalofts.app.Address.state,nullable.state,nullable.java.lang.String,nullable]; arguments [state,class com.minnehahalofts.app.Address]; default message [Property [{0}] of class [{1}] cannot be null]&#xa;Field error in object &apos;com.minnehahalofts.app.Address&apos; on field &apos;country&apos;: rejected value [null]; codes [com.minnehahalofts.app.Address.country.nullable.error.com.minnehahalofts.app.Address.country,com.minnehahalofts.app.Address.country.nullable.error.country,com.minnehahalofts.app.Address.country.nullable.error.java.lang.String,com.minnehahalofts.app.Address.country.nullable.error,address.country.nullable.error.com.minnehahalofts.app.Address.country,address.country.nullable.error.country,address.country.nullable.error.java.lang.String,address.country.nullable.error,com.minnehahalofts.app.Address.country.nullable.com.minnehahalofts.app.Address.country,com.minnehahalofts.app.Address.country.nullable.country,com.minnehahalofts.app.Address.country.nullable.java.lang.String,com.minnehahalofts.app.Address.country.nullable,address.country.nullable.com.minnehahalofts.app.Address.country,address.country.nullable.country,address.country.nullable.java.lang.String,address.country.nullable,nullable.com.minnehahalofts.app.Address.country,nullable.country,nullable.java.lang.String,nullable]; arguments [country,class com.minnehahalofts.app.Address]; default message [Property [{0}] of class [{1}] cannot be null]&#xa;Field error in object &apos;com.minnehahalofts.app.Address&apos; on field &apos;zip&apos;: rejected value [null]; codes [com.minnehahalofts.app.Address.zip.nullable.error.com.minnehahalofts.app.Address.zip,com.minnehahalofts.app.Address.zip.nullable.error.zip,com.minnehahalofts.app.Address.zip.nullable.error.java.lang.String,com.minnehahalofts.app.Address.zip.nullable.error,address.zip.nullable.error.com.minnehahalofts.app.Address.zip,address.zip.nullable.error.zip,address.zip.nullable.error.java.lang.String,address.zip.nullable.error,com.minnehahalofts.app.Address.zip.nullable.com.minnehahalofts.app.Address.zip,com.minnehahalofts.app.Address.zip.nullable.zip,com.minnehahalofts.app.Address.zip.nullable.java.lang.String,com.minnehahalofts.app.Address.zip.nullable,address.zip.nullable.com.minnehahalofts.app.Address.zip,address.zip.nullable.zip,address.zip.nullable.java.lang.String,address.zip.nullable,nullable.com.minnehahalofts.app.Address.zip,nullable.zip,nullable.java.lang.String,nullable]; arguments [zip,class com.minnehahalofts.app.Address]; default message [Property [{0}] of class [{1}] cannot be null]&#xa;]]" type="java.lang.Exception">java.lang.Exception: Unable to build valid com.minnehahalofts.app.Address instance, errors: [[	grails.validation.ValidationErrors: 5 errors
Field error in object &apos;com.minnehahalofts.app.Address&apos; on field &apos;street&apos;: rejected value [null]; codes [com.minnehahalofts.app.Address.street.nullable.error.com.minnehahalofts.app.Address.street,com.minnehahalofts.app.Address.street.nullable.error.street,com.minnehahalofts.app.Address.street.nullable.error.java.lang.String,com.minnehahalofts.app.Address.street.nullable.error,address.street.nullable.error.com.minnehahalofts.app.Address.street,address.street.nullable.error.street,address.street.nullable.error.java.lang.String,address.street.nullable.error,com.minnehahalofts.app.Address.street.nullable.com.minnehahalofts.app.Address.street,com.minnehahalofts.app.Address.street.nullable.street,com.minnehahalofts.app.Address.street.nullable.java.lang.String,com.minnehahalofts.app.Address.street.nullable,address.street.nullable.com.minnehahalofts.app.Address.street,address.street.nullable.street,address.street.nullable.java.lang.String,address.street.nullable,nullable.com.minnehahalofts.app.Address.street,nullable.street,nullable.java.lang.String,nullable]; arguments [street,class com.minnehahalofts.app.Address]; default message [Property [{0}] of class [{1}] cannot be null]
Field error in object &apos;com.minnehahalofts.app.Address&apos; on field &apos;city&apos;: rejected value [null]; codes [com.minnehahalofts.app.Address.city.nullable.error.com.minnehahalofts.app.Address.city,com.minnehahalofts.app.Address.city.nullable.error.city,com.minnehahalofts.app.Address.city.nullable.error.java.lang.String,com.minnehahalofts.app.Address.city.nullable.error,address.city.nullable.error.com.minnehahalofts.app.Address.city,address.city.nullable.error.city,address.city.nullable.error.java.lang.String,address.city.nullable.error,com.minnehahalofts.app.Address.city.nullable.com.minnehahalofts.app.Address.city,com.minnehahalofts.app.Address.city.nullable.city,com.minnehahalofts.app.Address.city.nullable.java.lang.String,com.minnehahalofts.app.Address.city.nullable,address.city.nullable.com.minnehahalofts.app.Address.city,address.city.nullable.city,address.city.nullable.java.lang.String,address.city.nullable,nullable.com.minnehahalofts.app.Address.city,nullable.city,nullable.java.lang.String,nullable]; arguments [city,class com.minnehahalofts.app.Address]; default message [Property [{0}] of class [{1}] cannot be null]
Field error in object &apos;com.minnehahalofts.app.Address&apos; on field &apos;state&apos;: rejected value [null]; codes [com.minnehahalofts.app.Address.state.nullable.error.com.minnehahalofts.app.Address.state,com.minnehahalofts.app.Address.state.nullable.error.state,com.minnehahalofts.app.Address.state.nullable.error.java.lang.String,com.minnehahalofts.app.Address.state.nullable.error,address.state.nullable.error.com.minnehahalofts.app.Address.state,address.state.nullable.error.state,address.state.nullable.error.java.lang.String,address.state.nullable.error,com.minnehahalofts.app.Address.state.nullable.com.minnehahalofts.app.Address.state,com.minnehahalofts.app.Address.state.nullable.state,com.minnehahalofts.app.Address.state.nullable.java.lang.String,com.minnehahalofts.app.Address.state.nullable,address.state.nullable.com.minnehahalofts.app.Address.state,address.state.nullable.state,address.state.nullable.java.lang.String,address.state.nullable,nullable.com.minnehahalofts.app.Address.state,nullable.state,nullable.java.lang.String,nullable]; arguments [state,class com.minnehahalofts.app.Address]; default message [Property [{0}] of class [{1}] cannot be null]
Field error in object &apos;com.minnehahalofts.app.Address&apos; on field &apos;country&apos;: rejected value [null]; codes [com.minnehahalofts.app.Address.country.nullable.error.com.minnehahalofts.app.Address.country,com.minnehahalofts.app.Address.country.nullable.error.country,com.minnehahalofts.app.Address.country.nullable.error.java.lang.String,com.minnehahalofts.app.Address.country.nullable.error,address.country.nullable.error.com.minnehahalofts.app.Address.country,address.country.nullable.error.country,address.country.nullable.error.java.lang.String,address.country.nullable.error,com.minnehahalofts.app.Address.country.nullable.com.minnehahalofts.app.Address.country,com.minnehahalofts.app.Address.country.nullable.country,com.minnehahalofts.app.Address.country.nullable.java.lang.String,com.minnehahalofts.app.Address.country.nullable,address.country.nullable.com.minnehahalofts.app.Address.country,address.country.nullable.country,address.country.nullable.java.lang.String,address.country.nullable,nullable.com.minnehahalofts.app.Address.country,nullable.country,nullable.java.lang.String,nullable]; arguments [country,class com.minnehahalofts.app.Address]; default message [Property [{0}] of class [{1}] cannot be null]
Field error in object &apos;com.minnehahalofts.app.Address&apos; on field &apos;zip&apos;: rejected value [null]; codes [com.minnehahalofts.app.Address.zip.nullable.error.com.minnehahalofts.app.Address.zip,com.minnehahalofts.app.Address.zip.nullable.error.zip,com.minnehahalofts.app.Address.zip.nullable.error.java.lang.String,com.minnehahalofts.app.Address.zip.nullable.error,address.zip.nullable.error.com.minnehahalofts.app.Address.zip,address.zip.nullable.error.zip,address.zip.nullable.error.java.lang.String,address.zip.nullable.error,com.minnehahalofts.app.Address.zip.nullable.com.minnehahalofts.app.Address.zip,com.minnehahalofts.app.Address.zip.nullable.zip,com.minnehahalofts.app.Address.zip.nullable.java.lang.String,com.minnehahalofts.app.Address.zip.nullable,address.zip.nullable.com.minnehahalofts.app.Address.zip,address.zip.nullable.zip,address.zip.nullable.java.lang.String,address.zip.nullable,nullable.com.minnehahalofts.app.Address.zip,nullable.zip,nullable.java.lang.String,nullable]; arguments [zip,class com.minnehahalofts.app.Address]; default message [Property [{0}] of class [{1}] cannot be null]
]]
	at grails.buildtestdata.DomainInstanceBuilder.save(DomainInstanceBuilder.groovy:241)
	at grails.buildtestdata.BuildTestDataService.addBuildMethods_closure9(BuildTestDataService.groovy:64)
	at grails.buildtestdata.DomainInstanceBuilder.save(DomainInstanceBuilder.groovy:236)
	at grails.buildtestdata.DomainInstanceBuilder.save(DomainInstanceBuilder.groovy:230)
	at grails.buildtestdata.DomainInstanceBuilder.build(DomainInstanceBuilder.groovy:135)
	at grails.buildtestdata.DomainInstanceBuilder.build(DomainInstanceBuilder.groovy:133)
	at grails.buildtestdata.BuildTestDataService.addBuildMethods_closure5(BuildTestDataService.groovy:46)
	at com.minnehahalofts.app.RentalUnitIntegrationSpec.one-to-many relationship between RentalUnit and Inquiry(RentalUnitIntegrationSpec.groovy:182)
</error>
  </testcase>
  <testcase classname="com.minnehahalofts.app.RentalUnitIntegrationSpec" name="ensure no cascading on Company" time="0.015">
    <error message="Unable to build valid com.minnehahalofts.app.Address instance, errors: [[&#x9;grails.validation.ValidationErrors: 5 errors&#xa;Field error in object &apos;com.minnehahalofts.app.Address&apos; on field &apos;street&apos;: rejected value [null]; codes [com.minnehahalofts.app.Address.street.nullable.error.com.minnehahalofts.app.Address.street,com.minnehahalofts.app.Address.street.nullable.error.street,com.minnehahalofts.app.Address.street.nullable.error.java.lang.String,com.minnehahalofts.app.Address.street.nullable.error,address.street.nullable.error.com.minnehahalofts.app.Address.street,address.street.nullable.error.street,address.street.nullable.error.java.lang.String,address.street.nullable.error,com.minnehahalofts.app.Address.street.nullable.com.minnehahalofts.app.Address.street,com.minnehahalofts.app.Address.street.nullable.street,com.minnehahalofts.app.Address.street.nullable.java.lang.String,com.minnehahalofts.app.Address.street.nullable,address.street.nullable.com.minnehahalofts.app.Address.street,address.street.nullable.street,address.street.nullable.java.lang.String,address.street.nullable,nullable.com.minnehahalofts.app.Address.street,nullable.street,nullable.java.lang.String,nullable]; arguments [street,class com.minnehahalofts.app.Address]; default message [Property [{0}] of class [{1}] cannot be null]&#xa;Field error in object &apos;com.minnehahalofts.app.Address&apos; on field &apos;city&apos;: rejected value [null]; codes [com.minnehahalofts.app.Address.city.nullable.error.com.minnehahalofts.app.Address.city,com.minnehahalofts.app.Address.city.nullable.error.city,com.minnehahalofts.app.Address.city.nullable.error.java.lang.String,com.minnehahalofts.app.Address.city.nullable.error,address.city.nullable.error.com.minnehahalofts.app.Address.city,address.city.nullable.error.city,address.city.nullable.error.java.lang.String,address.city.nullable.error,com.minnehahalofts.app.Address.city.nullable.com.minnehahalofts.app.Address.city,com.minnehahalofts.app.Address.city.nullable.city,com.minnehahalofts.app.Address.city.nullable.java.lang.String,com.minnehahalofts.app.Address.city.nullable,address.city.nullable.com.minnehahalofts.app.Address.city,address.city.nullable.city,address.city.nullable.java.lang.String,address.city.nullable,nullable.com.minnehahalofts.app.Address.city,nullable.city,nullable.java.lang.String,nullable]; arguments [city,class com.minnehahalofts.app.Address]; default message [Property [{0}] of class [{1}] cannot be null]&#xa;Field error in object &apos;com.minnehahalofts.app.Address&apos; on field &apos;state&apos;: rejected value [null]; codes [com.minnehahalofts.app.Address.state.nullable.error.com.minnehahalofts.app.Address.state,com.minnehahalofts.app.Address.state.nullable.error.state,com.minnehahalofts.app.Address.state.nullable.error.java.lang.String,com.minnehahalofts.app.Address.state.nullable.error,address.state.nullable.error.com.minnehahalofts.app.Address.state,address.state.nullable.error.state,address.state.nullable.error.java.lang.String,address.state.nullable.error,com.minnehahalofts.app.Address.state.nullable.com.minnehahalofts.app.Address.state,com.minnehahalofts.app.Address.state.nullable.state,com.minnehahalofts.app.Address.state.nullable.java.lang.String,com.minnehahalofts.app.Address.state.nullable,address.state.nullable.com.minnehahalofts.app.Address.state,address.state.nullable.state,address.state.nullable.java.lang.String,address.state.nullable,nullable.com.minnehahalofts.app.Address.state,nullable.state,nullable.java.lang.String,nullable]; arguments [state,class com.minnehahalofts.app.Address]; default message [Property [{0}] of class [{1}] cannot be null]&#xa;Field error in object &apos;com.minnehahalofts.app.Address&apos; on field &apos;country&apos;: rejected value [null]; codes [com.minnehahalofts.app.Address.country.nullable.error.com.minnehahalofts.app.Address.country,com.minnehahalofts.app.Address.country.nullable.error.country,com.minnehahalofts.app.Address.country.nullable.error.java.lang.String,com.minnehahalofts.app.Address.country.nullable.error,address.country.nullable.error.com.minnehahalofts.app.Address.country,address.country.nullable.error.country,address.country.nullable.error.java.lang.String,address.country.nullable.error,com.minnehahalofts.app.Address.country.nullable.com.minnehahalofts.app.Address.country,com.minnehahalofts.app.Address.country.nullable.country,com.minnehahalofts.app.Address.country.nullable.java.lang.String,com.minnehahalofts.app.Address.country.nullable,address.country.nullable.com.minnehahalofts.app.Address.country,address.country.nullable.country,address.country.nullable.java.lang.String,address.country.nullable,nullable.com.minnehahalofts.app.Address.country,nullable.country,nullable.java.lang.String,nullable]; arguments [country,class com.minnehahalofts.app.Address]; default message [Property [{0}] of class [{1}] cannot be null]&#xa;Field error in object &apos;com.minnehahalofts.app.Address&apos; on field &apos;zip&apos;: rejected value [null]; codes [com.minnehahalofts.app.Address.zip.nullable.error.com.minnehahalofts.app.Address.zip,com.minnehahalofts.app.Address.zip.nullable.error.zip,com.minnehahalofts.app.Address.zip.nullable.error.java.lang.String,com.minnehahalofts.app.Address.zip.nullable.error,address.zip.nullable.error.com.minnehahalofts.app.Address.zip,address.zip.nullable.error.zip,address.zip.nullable.error.java.lang.String,address.zip.nullable.error,com.minnehahalofts.app.Address.zip.nullable.com.minnehahalofts.app.Address.zip,com.minnehahalofts.app.Address.zip.nullable.zip,com.minnehahalofts.app.Address.zip.nullable.java.lang.String,com.minnehahalofts.app.Address.zip.nullable,address.zip.nullable.com.minnehahalofts.app.Address.zip,address.zip.nullable.zip,address.zip.nullable.java.lang.String,address.zip.nullable,nullable.com.minnehahalofts.app.Address.zip,nullable.zip,nullable.java.lang.String,nullable]; arguments [zip,class com.minnehahalofts.app.Address]; default message [Property [{0}] of class [{1}] cannot be null]&#xa;]]" type="java.lang.Exception">java.lang.Exception: Unable to build valid com.minnehahalofts.app.Address instance, errors: [[	grails.validation.ValidationErrors: 5 errors
Field error in object &apos;com.minnehahalofts.app.Address&apos; on field &apos;street&apos;: rejected value [null]; codes [com.minnehahalofts.app.Address.street.nullable.error.com.minnehahalofts.app.Address.street,com.minnehahalofts.app.Address.street.nullable.error.street,com.minnehahalofts.app.Address.street.nullable.error.java.lang.String,com.minnehahalofts.app.Address.street.nullable.error,address.street.nullable.error.com.minnehahalofts.app.Address.street,address.street.nullable.error.street,address.street.nullable.error.java.lang.String,address.street.nullable.error,com.minnehahalofts.app.Address.street.nullable.com.minnehahalofts.app.Address.street,com.minnehahalofts.app.Address.street.nullable.street,com.minnehahalofts.app.Address.street.nullable.java.lang.String,com.minnehahalofts.app.Address.street.nullable,address.street.nullable.com.minnehahalofts.app.Address.street,address.street.nullable.street,address.street.nullable.java.lang.String,address.street.nullable,nullable.com.minnehahalofts.app.Address.street,nullable.street,nullable.java.lang.String,nullable]; arguments [street,class com.minnehahalofts.app.Address]; default message [Property [{0}] of class [{1}] cannot be null]
Field error in object &apos;com.minnehahalofts.app.Address&apos; on field &apos;city&apos;: rejected value [null]; codes [com.minnehahalofts.app.Address.city.nullable.error.com.minnehahalofts.app.Address.city,com.minnehahalofts.app.Address.city.nullable.error.city,com.minnehahalofts.app.Address.city.nullable.error.java.lang.String,com.minnehahalofts.app.Address.city.nullable.error,address.city.nullable.error.com.minnehahalofts.app.Address.city,address.city.nullable.error.city,address.city.nullable.error.java.lang.String,address.city.nullable.error,com.minnehahalofts.app.Address.city.nullable.com.minnehahalofts.app.Address.city,com.minnehahalofts.app.Address.city.nullable.city,com.minnehahalofts.app.Address.city.nullable.java.lang.String,com.minnehahalofts.app.Address.city.nullable,address.city.nullable.com.minnehahalofts.app.Address.city,address.city.nullable.city,address.city.nullable.java.lang.String,address.city.nullable,nullable.com.minnehahalofts.app.Address.city,nullable.city,nullable.java.lang.String,nullable]; arguments [city,class com.minnehahalofts.app.Address]; default message [Property [{0}] of class [{1}] cannot be null]
Field error in object &apos;com.minnehahalofts.app.Address&apos; on field &apos;state&apos;: rejected value [null]; codes [com.minnehahalofts.app.Address.state.nullable.error.com.minnehahalofts.app.Address.state,com.minnehahalofts.app.Address.state.nullable.error.state,com.minnehahalofts.app.Address.state.nullable.error.java.lang.String,com.minnehahalofts.app.Address.state.nullable.error,address.state.nullable.error.com.minnehahalofts.app.Address.state,address.state.nullable.error.state,address.state.nullable.error.java.lang.String,address.state.nullable.error,com.minnehahalofts.app.Address.state.nullable.com.minnehahalofts.app.Address.state,com.minnehahalofts.app.Address.state.nullable.state,com.minnehahalofts.app.Address.state.nullable.java.lang.String,com.minnehahalofts.app.Address.state.nullable,address.state.nullable.com.minnehahalofts.app.Address.state,address.state.nullable.state,address.state.nullable.java.lang.String,address.state.nullable,nullable.com.minnehahalofts.app.Address.state,nullable.state,nullable.java.lang.String,nullable]; arguments [state,class com.minnehahalofts.app.Address]; default message [Property [{0}] of class [{1}] cannot be null]
Field error in object &apos;com.minnehahalofts.app.Address&apos; on field &apos;country&apos;: rejected value [null]; codes [com.minnehahalofts.app.Address.country.nullable.error.com.minnehahalofts.app.Address.country,com.minnehahalofts.app.Address.country.nullable.error.country,com.minnehahalofts.app.Address.country.nullable.error.java.lang.String,com.minnehahalofts.app.Address.country.nullable.error,address.country.nullable.error.com.minnehahalofts.app.Address.country,address.country.nullable.error.country,address.country.nullable.error.java.lang.String,address.country.nullable.error,com.minnehahalofts.app.Address.country.nullable.com.minnehahalofts.app.Address.country,com.minnehahalofts.app.Address.country.nullable.country,com.minnehahalofts.app.Address.country.nullable.java.lang.String,com.minnehahalofts.app.Address.country.nullable,address.country.nullable.com.minnehahalofts.app.Address.country,address.country.nullable.country,address.country.nullable.java.lang.String,address.country.nullable,nullable.com.minnehahalofts.app.Address.country,nullable.country,nullable.java.lang.String,nullable]; arguments [country,class com.minnehahalofts.app.Address]; default message [Property [{0}] of class [{1}] cannot be null]
Field error in object &apos;com.minnehahalofts.app.Address&apos; on field &apos;zip&apos;: rejected value [null]; codes [com.minnehahalofts.app.Address.zip.nullable.error.com.minnehahalofts.app.Address.zip,com.minnehahalofts.app.Address.zip.nullable.error.zip,com.minnehahalofts.app.Address.zip.nullable.error.java.lang.String,com.minnehahalofts.app.Address.zip.nullable.error,address.zip.nullable.error.com.minnehahalofts.app.Address.zip,address.zip.nullable.error.zip,address.zip.nullable.error.java.lang.String,address.zip.nullable.error,com.minnehahalofts.app.Address.zip.nullable.com.minnehahalofts.app.Address.zip,com.minnehahalofts.app.Address.zip.nullable.zip,com.minnehahalofts.app.Address.zip.nullable.java.lang.String,com.minnehahalofts.app.Address.zip.nullable,address.zip.nullable.com.minnehahalofts.app.Address.zip,address.zip.nullable.zip,address.zip.nullable.java.lang.String,address.zip.nullable,nullable.com.minnehahalofts.app.Address.zip,nullable.zip,nullable.java.lang.String,nullable]; arguments [zip,class com.minnehahalofts.app.Address]; default message [Property [{0}] of class [{1}] cannot be null]
]]
	at grails.buildtestdata.DomainInstanceBuilder.save(DomainInstanceBuilder.groovy:241)
	at grails.buildtestdata.BuildTestDataService.addBuildMethods_closure9(BuildTestDataService.groovy:64)
	at grails.buildtestdata.DomainInstanceBuilder.save(DomainInstanceBuilder.groovy:236)
	at grails.buildtestdata.DomainInstanceBuilder.save(DomainInstanceBuilder.groovy:230)
	at grails.buildtestdata.DomainInstanceBuilder.build(DomainInstanceBuilder.groovy:135)
	at grails.buildtestdata.DomainInstanceBuilder.build(DomainInstanceBuilder.groovy:133)
	at grails.buildtestdata.BuildTestDataService.addBuildMethods_closure1(BuildTestDataService.groovy:25)
	at com.minnehahalofts.app.RentalUnitIntegrationSpec.ensure no cascading on Company(RentalUnitIntegrationSpec.groovy:207)
</error>
  </testcase>
  <system-out><![CDATA[--Output from test setupRentalUnit helper method--
--Output from save and retrieve RentalUnit with all associations present--
--Output from update RentalUnit with all associations present--
--Output from delete RentalUnit with all associations present--
--Output from cascading address ensured with all associations present--
--Output from one-to-one relationship between rentalUnit and Address--
--Output from cascading review ensured with all associations present--
--Output from one-to-many relationship between RentalUnit and Review--
--Output from cascading inquiry ensured with all associations present--
--Output from one-to-many relationship between RentalUnit and Inquiry--
--Output from ensure no cascading on Company--
]]></system-out>
  <system-err><![CDATA[--Output from test setupRentalUnit helper method--
--Output from save and retrieve RentalUnit with all associations present--
--Output from update RentalUnit with all associations present--
--Output from delete RentalUnit with all associations present--
--Output from cascading address ensured with all associations present--
--Output from one-to-one relationship between rentalUnit and Address--
--Output from cascading review ensured with all associations present--
--Output from one-to-many relationship between RentalUnit and Review--
--Output from cascading inquiry ensured with all associations present--
--Output from one-to-many relationship between RentalUnit and Inquiry--
--Output from ensure no cascading on Company--
]]></system-err>
</testsuite>
